

Microchip MPLAB XC8 Assembler V2.32 build 20210201212658 
                                                                                               Thu Apr 15 23:10:22 2021

Microchip MPLAB XC8 C Compiler v2.32 (Free license) build 20210201212658 Og1 
     1                           	processor	16F887
     2                           	pagewidth 120
     3                           	opt	flic
     4                           	psect	cinit,global,class=CODE,merge=1,delta=2
     5                           	psect	cstackCOMMON,global,class=COMMON,space=1,delta=1,noexec
     6                           	psect	maintext,global,class=CODE,split=1,delta=2
     7                           	psect	text1,local,class=CODE,merge=1,delta=2
     8                           	psect	config,global,abs,ovrld,class=CONFIG,space=4,delta=2,noexec
     9                           	dabs	1,0x7E,2
    10  0000                     
    11                           ; Version 2.20
    12                           ; Generated 12/02/2020 GMT
    13                           ; 
    14                           ; Copyright © 2020, Microchip Technology Inc. and its subsidiaries ("Microchip")
    15                           ; All rights reserved.
    16                           ; 
    17                           ; This software is developed by Microchip Technology Inc. and its subsidiaries ("Microch
      +                          ip").
    18                           ; 
    19                           ; Redistribution and use in source and binary forms, with or without modification, are
    20                           ; permitted provided that the following conditions are met:
    21                           ; 
    22                           ;     1. Redistributions of source code must retain the above copyright notice, this lis
      +                          t of
    23                           ;        conditions and the following disclaimer.
    24                           ; 
    25                           ;     2. Redistributions in binary form must reproduce the above copyright notice, this 
      +                          list
    26                           ;        of conditions and the following disclaimer in the documentation and/or other
    27                           ;        materials provided with the distribution.
    28                           ; 
    29                           ;     3. Microchip's name may not be used to endorse or promote products derived from th
      +                          is
    30                           ;        software without specific prior written permission.
    31                           ; 
    32                           ; THIS SOFTWARE IS PROVIDED BY MICROCHIP "AS IS" AND ANY EXPRESS OR IMPLIED WARRANTIES,
    33                           ; INCLUDING, BUT NOT LIMITED TO, THE IMPLIED WARRANTIES OF MERCHANTABILITY AND FITNESS F
      +                          OR
    34                           ; PURPOSE ARE DISCLAIMED.  IN NO EVENT SHALL MICROCHIP BE LIABLE FOR ANY DIRECT, INDIREC
      +                          T,
    35                           ; INCIDENTAL, SPECIAL, EXEMPLARY, OR CONSEQUENTIAL DAMAGES (INCLUDING BUT NOT LIMITED TO
    36                           ; PROCUREMENT OF SUBSTITUTE GOODS OR SERVICES; LOSS OF USE, DATA OR PROFITS; OR BUSINESS
    37                           ; INTERRUPTION) HOWSOEVER CAUSED AND ON ANY THEORY OF LIABILITY, WHETHER IN CONTRACT, ST
      +                          RICT
    38                           ; LIABILITY, OR TORT (INCLUDING NEGLIGENCE OR OTHERWISE) ARISING IN ANY WAY OUT OF THE U
      +                          SE OF
    39                           ; THIS SOFTWARE, EVEN IF ADVISED OF THE POSSIBILITY OF SUCH DAMAGE.
    40                           ; 
    41                           ; 
    42                           ; Code-generator required, PIC16F887 Definitions
    43                           ; 
    44                           ; SFR Addresses
    45  0000                     	;# 
    46  0001                     	;# 
    47  0002                     	;# 
    48  0003                     	;# 
    49  0004                     	;# 
    50  0005                     	;# 
    51  0006                     	;# 
    52  0007                     	;# 
    53  0008                     	;# 
    54  0009                     	;# 
    55  000A                     	;# 
    56  000B                     	;# 
    57  000C                     	;# 
    58  000D                     	;# 
    59  000E                     	;# 
    60  000E                     	;# 
    61  000F                     	;# 
    62  0010                     	;# 
    63  0011                     	;# 
    64  0012                     	;# 
    65  0013                     	;# 
    66  0014                     	;# 
    67  0015                     	;# 
    68  0015                     	;# 
    69  0016                     	;# 
    70  0017                     	;# 
    71  0018                     	;# 
    72  0019                     	;# 
    73  001A                     	;# 
    74  001B                     	;# 
    75  001B                     	;# 
    76  001C                     	;# 
    77  001D                     	;# 
    78  001E                     	;# 
    79  001F                     	;# 
    80  0081                     	;# 
    81  0085                     	;# 
    82  0086                     	;# 
    83  0087                     	;# 
    84  0088                     	;# 
    85  0089                     	;# 
    86  008C                     	;# 
    87  008D                     	;# 
    88  008E                     	;# 
    89  008F                     	;# 
    90  0090                     	;# 
    91  0091                     	;# 
    92  0092                     	;# 
    93  0093                     	;# 
    94  0093                     	;# 
    95  0093                     	;# 
    96  0094                     	;# 
    97  0095                     	;# 
    98  0096                     	;# 
    99  0097                     	;# 
   100  0098                     	;# 
   101  0099                     	;# 
   102  009A                     	;# 
   103  009B                     	;# 
   104  009C                     	;# 
   105  009D                     	;# 
   106  009E                     	;# 
   107  009F                     	;# 
   108  0105                     	;# 
   109  0107                     	;# 
   110  0108                     	;# 
   111  0109                     	;# 
   112  010C                     	;# 
   113  010C                     	;# 
   114  010D                     	;# 
   115  010E                     	;# 
   116  010F                     	;# 
   117  0185                     	;# 
   118  0187                     	;# 
   119  0188                     	;# 
   120  0189                     	;# 
   121  018C                     	;# 
   122  018D                     	;# 
   123  0000                     	;# 
   124  0001                     	;# 
   125  0002                     	;# 
   126  0003                     	;# 
   127  0004                     	;# 
   128  0005                     	;# 
   129  0006                     	;# 
   130  0007                     	;# 
   131  0008                     	;# 
   132  0009                     	;# 
   133  000A                     	;# 
   134  000B                     	;# 
   135  000C                     	;# 
   136  000D                     	;# 
   137  000E                     	;# 
   138  000E                     	;# 
   139  000F                     	;# 
   140  0010                     	;# 
   141  0011                     	;# 
   142  0012                     	;# 
   143  0013                     	;# 
   144  0014                     	;# 
   145  0015                     	;# 
   146  0015                     	;# 
   147  0016                     	;# 
   148  0017                     	;# 
   149  0018                     	;# 
   150  0019                     	;# 
   151  001A                     	;# 
   152  001B                     	;# 
   153  001B                     	;# 
   154  001C                     	;# 
   155  001D                     	;# 
   156  001E                     	;# 
   157  001F                     	;# 
   158  0081                     	;# 
   159  0085                     	;# 
   160  0086                     	;# 
   161  0087                     	;# 
   162  0088                     	;# 
   163  0089                     	;# 
   164  008C                     	;# 
   165  008D                     	;# 
   166  008E                     	;# 
   167  008F                     	;# 
   168  0090                     	;# 
   169  0091                     	;# 
   170  0092                     	;# 
   171  0093                     	;# 
   172  0093                     	;# 
   173  0093                     	;# 
   174  0094                     	;# 
   175  0095                     	;# 
   176  0096                     	;# 
   177  0097                     	;# 
   178  0098                     	;# 
   179  0099                     	;# 
   180  009A                     	;# 
   181  009B                     	;# 
   182  009C                     	;# 
   183  009D                     	;# 
   184  009E                     	;# 
   185  009F                     	;# 
   186  0105                     	;# 
   187  0107                     	;# 
   188  0108                     	;# 
   189  0109                     	;# 
   190  010C                     	;# 
   191  010C                     	;# 
   192  010D                     	;# 
   193  010E                     	;# 
   194  010F                     	;# 
   195  0185                     	;# 
   196  0187                     	;# 
   197  0188                     	;# 
   198  0189                     	;# 
   199  018C                     	;# 
   200  018D                     	;# 
   201  0006                     _PORTB	set	6
   202  0009                     _PORTE	set	9
   203  000E                     _TMR1L	set	14
   204  000F                     _TMR1H	set	15
   205  0080                     _TMR1ON	set	128
   206  0082                     _T1SYNC	set	130
   207  0084                     _T1CKPS0	set	132
   208  0085                     _T1CKPS1	set	133
   209  005E                     _PEIE	set	94
   210  005F                     _GIE	set	95
   211  0081                     _TMR1CS	set	129
   212  0060                     _TMR1IF	set	96
   213  0086                     _TRISB	set	134
   214  0089                     _TRISE	set	137
   215  0189                     _ANSELH	set	393
   216  0188                     _ANSEL	set	392
   217                           
   218                           	psect	cinit
   219  07FC                     start_initialization:	
   220                           ; #config settings
   221                           
   222  07FC                     __initialization:
   223  07FC                     end_of_initialization:	
   224                           ;End of C runtime variable initialization code
   225                           
   226  07FC                     __end_of__initialization:
   227  07FC  0183               	clrf	3
   228  07FD  120A  118A  2F5F   	ljmp	_main	;jump to C main() function
   229                           
   230                           	psect	cstackCOMMON
   231  0070                     __pcstackCOMMON:
   232  0070                     ?_delay_ms:
   233  0070                     ?_main:	
   234                           ; 1 bytes @ 0x0
   235                           
   236  0070                     delay_ms@ms:	
   237                           ; 1 bytes @ 0x0
   238                           
   239                           
   240                           ; 2 bytes @ 0x0
   241  0070                     	ds	2
   242  0072                     ??_delay_ms:
   243  0072                     delay_ms@i:	
   244                           ; 1 bytes @ 0x2
   245                           
   246                           
   247                           ; 2 bytes @ 0x2
   248  0072                     	ds	2
   249  0074                     ??_main:
   250                           
   251                           ; 1 bytes @ 0x4
   252  0074                     	ds	3
   253  0077                     main@b:
   254                           
   255                           ; 2 bytes @ 0x7
   256  0077                     	ds	2
   257                           
   258                           	psect	maintext
   259  075F                     __pmaintext:	
   260 ;;
   261 ;;Main: autosize = 0, tempsize = 3, incstack = 0, save=0
   262 ;;
   263 ;; *************** function _main *****************
   264 ;; Defined at:
   265 ;;		line 44 in file "D6-D11.c"
   266 ;; Parameters:    Size  Location     Type
   267 ;;		None
   268 ;; Auto vars:     Size  Location     Type
   269 ;;  b               2    7[COMMON] unsigned int 
   270 ;;  a               2    0        unsigned int 
   271 ;; Return value:  Size  Location     Type
   272 ;;                  1    wreg      void 
   273 ;; Registers used:
   274 ;;		wreg, status,2, status,0, pclath, cstack
   275 ;; Tracked objects:
   276 ;;		On entry : B00/0
   277 ;;		On exit  : 0/0
   278 ;;		Unchanged: 0/0
   279 ;; Data sizes:     COMMON   BANK0   BANK1   BANK3   BANK2
   280 ;;      Params:         0       0       0       0       0
   281 ;;      Locals:         2       0       0       0       0
   282 ;;      Temps:          3       0       0       0       0
   283 ;;      Totals:         5       0       0       0       0
   284 ;;Total ram usage:        5 bytes
   285 ;; Hardware stack levels required when called: 1
   286 ;; This function calls:
   287 ;;		_delay_ms
   288 ;; This function is called by:
   289 ;;		Startup code after reset
   290 ;; This function uses a non-reentrant model
   291 ;;
   292                           
   293                           
   294                           ;psect for function _main
   295  075F                     _main:
   296  075F                     l736:	
   297                           ;incstack = 0
   298                           ; Regs used in _main: [wreg+status,2+status,0+pclath+cstack]
   299                           
   300                           
   301                           ;D6-D11.c: 46:     ANSEL=ANSELH=0X00;
   302  075F  1683               	bsf	3,5	;RP0=1, select bank3
   303  0760  1703               	bsf	3,6	;RP1=1, select bank3
   304  0761  0189               	clrf	9	;volatile
   305  0762  0188               	clrf	8	;volatile
   306                           
   307                           ;D6-D11.c: 47:     TRISE=0;
   308  0763  1683               	bsf	3,5	;RP0=1, select bank1
   309  0764  1303               	bcf	3,6	;RP1=0, select bank1
   310  0765  0189               	clrf	9	;volatile
   311  0766                     l738:
   312                           
   313                           ;D6-D11.c: 48:     TRISB=0x01;
   314  0766  3001               	movlw	1
   315  0767  0086               	movwf	6	;volatile
   316  0768                     l740:
   317                           
   318                           ;D6-D11.c: 50:     {;D6-D11.c: 52:         PORTE=0x00;
   319  0768  1283               	bcf	3,5	;RP0=0, select bank0
   320  0769  1303               	bcf	3,6	;RP1=0, select bank0
   321  076A  0189               	clrf	9	;volatile
   322                           
   323                           ;D6-D11.c: 53:         TRISB=0x21;
   324  076B  3021               	movlw	33
   325  076C  1683               	bsf	3,5	;RP0=1, select bank1
   326  076D  1303               	bcf	3,6	;RP1=0, select bank1
   327  076E  0086               	movwf	6	;volatile
   328                           
   329                           ;D6-D11.c: 54:         PORTB=0x08;
   330  076F  3008               	movlw	8
   331  0770  1283               	bcf	3,5	;RP0=0, select bank0
   332  0771  1303               	bcf	3,6	;RP1=0, select bank0
   333  0772  0086               	movwf	6	;volatile
   334                           
   335                           ;D6-D11.c: 55:         _delay((unsigned long)((300)*(4000000/4000.0)));
   336  0773  3002               	movlw	2
   337  0774  00F6               	movwf	??_main+2
   338  0775  3086               	movlw	134
   339  0776  00F5               	movwf	??_main+1
   340  0777  3099               	movlw	153
   341  0778  00F4               	movwf	??_main
   342  0779                     u77:
   343  0779  0BF4               	decfsz	??_main,f
   344  077A  2F79               	goto	u77
   345  077B  0BF5               	decfsz	??_main+1,f
   346  077C  2F79               	goto	u77
   347  077D  0BF6               	decfsz	??_main+2,f
   348  077E  2F79               	goto	u77
   349  077F                     l742:
   350                           
   351                           ;D6-D11.c: 56:         unsigned int a,b;;D6-D11.c: 57:         for(b=0;b<3000;b++)
   352  077F  01F7               	clrf	main@b
   353  0780  01F8               	clrf	main@b+1
   354  0781                     l748:
   355                           
   356                           ;D6-D11.c: 58:     {;D6-D11.c: 59:         TRISB=0x21;
   357  0781  3021               	movlw	33
   358  0782  1683               	bsf	3,5	;RP0=1, select bank1
   359  0783  1303               	bcf	3,6	;RP1=0, select bank1
   360  0784  0086               	movwf	6	;volatile
   361                           
   362                           ;D6-D11.c: 60:         PORTB=0x08;
   363  0785  3008               	movlw	8
   364  0786  1283               	bcf	3,5	;RP0=0, select bank0
   365  0787  1303               	bcf	3,6	;RP1=0, select bank0
   366  0788  0086               	movwf	6	;volatile
   367  0789                     l750:
   368                           
   369                           ;D6-D11.c: 61:         delay_ms(3000);
   370  0789  30B8               	movlw	184
   371  078A  00F0               	movwf	delay_ms@ms
   372  078B  300B               	movlw	11
   373  078C  00F1               	movwf	delay_ms@ms+1
   374  078D  120A  118A  2736  120A  118A  	fcall	_delay_ms
   375  0792                     l752:
   376                           
   377                           ;D6-D11.c: 62:         TRISB=0x21;
   378  0792  3021               	movlw	33
   379  0793  1683               	bsf	3,5	;RP0=1, select bank1
   380  0794  1303               	bcf	3,6	;RP1=0, select bank1
   381  0795  0086               	movwf	6	;volatile
   382  0796                     l754:
   383                           
   384                           ;D6-D11.c: 63:         PORTB=0x10;
   385  0796  3010               	movlw	16
   386  0797  1283               	bcf	3,5	;RP0=0, select bank0
   387  0798  1303               	bcf	3,6	;RP1=0, select bank0
   388  0799  0086               	movwf	6	;volatile
   389  079A                     l756:
   390                           
   391                           ;D6-D11.c: 64:         delay_ms(3000);
   392  079A  30B8               	movlw	184
   393  079B  00F0               	movwf	delay_ms@ms
   394  079C  300B               	movlw	11
   395  079D  00F1               	movwf	delay_ms@ms+1
   396  079E  120A  118A  2736  120A  118A  	fcall	_delay_ms
   397                           
   398                           ;D6-D11.c: 65:         TRISB=0x09;
   399  07A3  3009               	movlw	9
   400  07A4  1683               	bsf	3,5	;RP0=1, select bank1
   401  07A5  1303               	bcf	3,6	;RP1=0, select bank1
   402  07A6  0086               	movwf	6	;volatile
   403                           
   404                           ;D6-D11.c: 66:         TRISB=0x09;
   405  07A7  3009               	movlw	9
   406  07A8  0086               	movwf	6	;volatile
   407                           
   408                           ;D6-D11.c: 67:         PORTB=0x10;
   409  07A9  3010               	movlw	16
   410  07AA  1283               	bcf	3,5	;RP0=0, select bank0
   411  07AB  1303               	bcf	3,6	;RP1=0, select bank0
   412  07AC  0086               	movwf	6	;volatile
   413  07AD                     l758:
   414                           
   415                           ;D6-D11.c: 68:         delay_ms(3000);
   416  07AD  30B8               	movlw	184
   417  07AE  00F0               	movwf	delay_ms@ms
   418  07AF  300B               	movlw	11
   419  07B0  00F1               	movwf	delay_ms@ms+1
   420  07B1  120A  118A  2736  120A  118A  	fcall	_delay_ms
   421  07B6                     l760:
   422                           
   423                           ;D6-D11.c: 69:         PORTB=0x20;
   424  07B6  3020               	movlw	32
   425  07B7  1283               	bcf	3,5	;RP0=0, select bank0
   426  07B8  1303               	bcf	3,6	;RP1=0, select bank0
   427  07B9  0086               	movwf	6	;volatile
   428                           
   429                           ;D6-D11.c: 70:         delay_ms(3000);
   430  07BA  30B8               	movlw	184
   431  07BB  00F0               	movwf	delay_ms@ms
   432  07BC  300B               	movlw	11
   433  07BD  00F1               	movwf	delay_ms@ms+1
   434  07BE  120A  118A  2736  120A  118A  	fcall	_delay_ms
   435  07C3                     l762:
   436                           
   437                           ;D6-D11.c: 71:         TRISB=0x11;
   438  07C3  3011               	movlw	17
   439  07C4  1683               	bsf	3,5	;RP0=1, select bank1
   440  07C5  1303               	bcf	3,6	;RP1=0, select bank1
   441  07C6  0086               	movwf	6	;volatile
   442  07C7                     l764:
   443                           
   444                           ;D6-D11.c: 72:         PORTB=0x20;
   445  07C7  3020               	movlw	32
   446  07C8  1283               	bcf	3,5	;RP0=0, select bank0
   447  07C9  1303               	bcf	3,6	;RP1=0, select bank0
   448  07CA  0086               	movwf	6	;volatile
   449                           
   450                           ;D6-D11.c: 73:         delay_ms(3000);
   451  07CB  30B8               	movlw	184
   452  07CC  00F0               	movwf	delay_ms@ms
   453  07CD  300B               	movlw	11
   454  07CE  00F1               	movwf	delay_ms@ms+1
   455  07CF  120A  118A  2736  120A  118A  	fcall	_delay_ms
   456  07D4                     l766:
   457                           
   458                           ;D6-D11.c: 74:         TRISB=0x11;
   459  07D4  3011               	movlw	17
   460  07D5  1683               	bsf	3,5	;RP0=1, select bank1
   461  07D6  1303               	bcf	3,6	;RP1=0, select bank1
   462  07D7  0086               	movwf	6	;volatile
   463  07D8                     l768:
   464                           
   465                           ;D6-D11.c: 75:         PORTB=0x08;
   466  07D8  3008               	movlw	8
   467  07D9  1283               	bcf	3,5	;RP0=0, select bank0
   468  07DA  1303               	bcf	3,6	;RP1=0, select bank0
   469  07DB  0086               	movwf	6	;volatile
   470                           
   471                           ;D6-D11.c: 76:         delay_ms(3000);
   472  07DC  30B8               	movlw	184
   473  07DD  00F0               	movwf	delay_ms@ms
   474  07DE  300B               	movlw	11
   475  07DF  00F1               	movwf	delay_ms@ms+1
   476  07E0  120A  118A  2736  120A  118A  	fcall	_delay_ms
   477  07E5                     l770:
   478                           
   479                           ;D6-D11.c: 77:     }
   480  07E5  3001               	movlw	1
   481  07E6  07F7               	addwf	main@b,f
   482  07E7  1803               	skipnc
   483  07E8  0AF8               	incf	main@b+1,f
   484  07E9  3000               	movlw	0
   485  07EA  07F8               	addwf	main@b+1,f
   486  07EB                     l772:
   487  07EB  300B               	movlw	11
   488  07EC  0278               	subwf	main@b+1,w
   489  07ED  30B8               	movlw	184
   490  07EE  1903               	skipnz
   491  07EF  0277               	subwf	main@b,w
   492  07F0  1C03               	skipc
   493  07F1  2FF3               	goto	u61
   494  07F2  2FF4               	goto	u60
   495  07F3                     u61:
   496  07F3  2F81               	goto	l748
   497  07F4                     u60:
   498  07F4                     l774:
   499                           
   500                           ;D6-D11.c: 79:         {;D6-D11.c: 80:             PORTB=0;
   501  07F4  1283               	bcf	3,5	;RP0=0, select bank0
   502  07F5  1303               	bcf	3,6	;RP1=0, select bank0
   503  07F6  0186               	clrf	6	;volatile
   504                           
   505                           ;D6-D11.c: 81:             PORTE=0;
   506  07F7  0189               	clrf	9	;volatile
   507  07F8  2FF4               	goto	l774
   508  07F9  120A  118A  2800   	ljmp	start
   509  07FC                     __end_of_main:
   510                           
   511                           	psect	text1
   512  0736                     __ptext1:	
   513 ;; *************** function _delay_ms *****************
   514 ;; Defined at:
   515 ;;		line 28 in file "D6-D11.c"
   516 ;; Parameters:    Size  Location     Type
   517 ;;  ms              2    0[COMMON] unsigned int 
   518 ;; Auto vars:     Size  Location     Type
   519 ;;  i               2    2[COMMON] unsigned int 
   520 ;; Return value:  Size  Location     Type
   521 ;;                  1    wreg      void 
   522 ;; Registers used:
   523 ;;		wreg, status,2
   524 ;; Tracked objects:
   525 ;;		On entry : 0/0
   526 ;;		On exit  : 0/0
   527 ;;		Unchanged: 0/0
   528 ;; Data sizes:     COMMON   BANK0   BANK1   BANK3   BANK2
   529 ;;      Params:         2       0       0       0       0
   530 ;;      Locals:         2       0       0       0       0
   531 ;;      Temps:          0       0       0       0       0
   532 ;;      Totals:         4       0       0       0       0
   533 ;;Total ram usage:        4 bytes
   534 ;; Hardware stack levels used: 1
   535 ;; This function calls:
   536 ;;		Nothing
   537 ;; This function is called by:
   538 ;;		_main
   539 ;; This function uses a non-reentrant model
   540 ;;
   541                           
   542                           
   543                           ;psect for function _delay_ms
   544  0736                     _delay_ms:
   545  0736                     l712:	
   546                           ;incstack = 0
   547                           ; Regs used in _delay_ms: [wreg+status,2]
   548                           
   549                           
   550                           ;D6-D11.c: 28: void delay_ms(unsigned int ms);D6-D11.c: 29:     {;D6-D11.c: 30:         
      +                          {;D6-D11.c: 31:         unsigned int i;;D6-D11.c: 32:         for(i=0; i<=ms; i++)
   551  0736  01F2               	clrf	delay_ms@i
   552  0737  01F3               	clrf	delay_ms@i+1
   553  0738  2F43               	goto	l37
   554  0739                     l714:
   555                           
   556                           ;D6-D11.c: 33:         TMR1H=255;TMR1L=231;
   557  0739  30FF               	movlw	255
   558  073A  1283               	bcf	3,5	;RP0=0, select bank0
   559  073B  1303               	bcf	3,6	;RP1=0, select bank0
   560  073C  008F               	movwf	15	;volatile
   561  073D  3001               	movlw	1
   562  073E  07F2               	addwf	delay_ms@i,f
   563  073F  1803               	skipnc
   564  0740  0AF3               	incf	delay_ms@i+1,f
   565  0741  3000               	movlw	0
   566  0742  07F3               	addwf	delay_ms@i+1,f
   567  0743                     l37:
   568  0743  0873               	movf	delay_ms@i+1,w
   569  0744  0271               	subwf	delay_ms@ms+1,w
   570  0745  1D03               	skipz
   571  0746  2F49               	goto	u45
   572  0747  0872               	movf	delay_ms@i,w
   573  0748  0270               	subwf	delay_ms@ms,w
   574  0749                     u45:
   575  0749  1803               	skipnc
   576  074A  2F4C               	goto	u41
   577  074B  2F4D               	goto	u40
   578  074C                     u41:
   579  074C  2F39               	goto	l714
   580  074D                     u40:
   581  074D                     l716:
   582  074D  30E7               	movlw	231
   583  074E  1283               	bcf	3,5	;RP0=0, select bank0
   584  074F  1303               	bcf	3,6	;RP1=0, select bank0
   585  0750  008E               	movwf	14	;volatile
   586  0751                     l718:
   587                           
   588                           ;D6-D11.c: 34:         TMR1IF=0;
   589  0751  100C               	bcf	12,0	;volatile
   590  0752                     l720:
   591                           
   592                           ;D6-D11.c: 35:         TMR1CS=0;
   593  0752  1090               	bcf	16,1	;volatile
   594  0753                     l722:
   595                           
   596                           ;D6-D11.c: 36:         GIE=0;PEIE=0;TMR1IF=0;
   597  0753  138B               	bcf	11,7	;volatile
   598  0754                     l724:
   599  0754  130B               	bcf	11,6	;volatile
   600  0755                     l726:
   601  0755  100C               	bcf	12,0	;volatile
   602  0756                     l728:
   603                           
   604                           ;D6-D11.c: 37:         T1CKPS1 =1;T1CKPS0=0;
   605  0756  1690               	bsf	16,5	;volatile
   606  0757                     l730:
   607  0757  1210               	bcf	16,4	;volatile
   608  0758                     l732:
   609                           
   610                           ;D6-D11.c: 38:         T1SYNC=0;
   611  0758  1110               	bcf	16,2	;volatile
   612  0759                     l734:
   613                           
   614                           ;D6-D11.c: 39:         TMR1ON=1;
   615  0759  1410               	bsf	16,0	;volatile
   616  075A                     l40:	
   617                           ;D6-D11.c: 40:         while(TMR1IF==0);
   618                           
   619  075A  1C0C               	btfss	12,0	;volatile
   620  075B  2F5D               	goto	u51
   621  075C  2F5E               	goto	u50
   622  075D                     u51:
   623  075D  2F5A               	goto	l40
   624  075E                     u50:
   625  075E                     l43:
   626  075E  0008               	return
   627  075F                     __end_of_delay_ms:
   628  007E                     btemp	set	126	;btemp
   629  007E                     wtemp0	set	126
   630                           
   631                           	psect	config
   632                           
   633                           ;Config register CONFIG1 @ 0x2007
   634                           ;	Oscillator Selection bits
   635                           ;	FOSC = HS, HS oscillator: High-speed crystal/resonator on RA6/OSC2/CLKOUT and RA7/OSC1
      +                          /CLKIN
   636                           ;	Watchdog Timer Enable bit
   637                           ;	WDTE = OFF, WDT disabled and can be enabled by SWDTEN bit of the WDTCON register
   638                           ;	Power-up Timer Enable bit
   639                           ;	PWRTE = OFF, PWRT disabled
   640                           ;	RE3/MCLR pin function select bit
   641                           ;	MCLRE = ON, RE3/MCLR pin function is MCLR
   642                           ;	Code Protection bit
   643                           ;	CP = OFF, Program memory code protection is disabled
   644                           ;	Data Code Protection bit
   645                           ;	CPD = OFF, Data memory code protection is disabled
   646                           ;	Brown Out Reset Selection bits
   647                           ;	BOREN = OFF, BOR disabled
   648                           ;	Internal External Switchover bit
   649                           ;	IESO = OFF, Internal/External Switchover mode is disabled
   650                           ;	Fail-Safe Clock Monitor Enabled bit
   651                           ;	FCMEN = OFF, Fail-Safe Clock Monitor is disabled
   652                           ;	Low Voltage Programming Enable bit
   653                           ;	LVP = OFF, RB3 pin has digital I/O, HV on MCLR must be used for programming
   654                           ;	In-Circuit Debugger Mode bit
   655                           ;	DEBUG = 0x1, unprogrammed default
   656  2007                     	org	8199
   657  2007  20F2               	dw	8434
   658                           
   659                           ;Config register CONFIG2 @ 0x2008
   660                           ;	Brown-out Reset Selection bit
   661                           ;	BOR4V = BOR40V, Brown-out Reset set to 4.0V
   662                           ;	Flash Program Memory Self Write Enable bits
   663                           ;	WRT = OFF, Write protection off
   664  2008                     	org	8200
   665  2008  3FFF               	dw	16383

Data Sizes:
    Strings     0
    Constant    0
    Data        0
    BSS         0
    Persistent  0
    Stack       0

Auto Spaces:
    Space          Size  Autos    Used
    COMMON           14      9       9
    BANK0            80      0       0
    BANK1            80      0       0
    BANK3            96      0       0
    BANK2            96      0       0

Pointer List with Targets:

    None.

Critical Paths under _main in COMMON

    _main->_delay_ms

Critical Paths under _main in BANK0

    None.

Critical Paths under _main in BANK1

    None.

Critical Paths under _main in BANK3

    None.

Critical Paths under _main in BANK2

    None.

Call Graph Tables:

 ---------------------------------------------------------------------------------
 (Depth) Function   	        Calls       Base Space   Used Autos Params    Refs
 ---------------------------------------------------------------------------------
 (0) _main                                                 7     7      0     548
                                              4 COMMON     5     5      0
                           _delay_ms
 ---------------------------------------------------------------------------------
 (1) _delay_ms                                             4     2      2     502
                                              0 COMMON     4     2      2
 ---------------------------------------------------------------------------------
 Estimated maximum stack depth 1
 ---------------------------------------------------------------------------------

 Call Graph Graphs:

 _main (ROOT)
   _delay_ms

 Address spaces:
Name               Size   Autos  Total    Cost      Usage
BITCOMMON            E      0       0       0        0.0%
EEDATA             100      0       0       0        0.0%
NULL                 0      0       0       0        0.0%
CODE                 0      0       0       0        0.0%
COMMON               E      9       9       1       64.3%
BITSFR0              0      0       0       1        0.0%
SFR0                 0      0       0       1        0.0%
BITSFR1              0      0       0       2        0.0%
SFR1                 0      0       0       2        0.0%
STACK                0      0       0       2        0.0%
ABS                  0      0       0       3        0.0%
BITBANK0            50      0       0       4        0.0%
BITSFR3              0      0       0       4        0.0%
SFR3                 0      0       0       4        0.0%
BANK0               50      0       0       5        0.0%
BITSFR2              0      0       0       5        0.0%
SFR2                 0      0       0       5        0.0%
BITBANK1            50      0       0       6        0.0%
BANK1               50      0       0       7        0.0%
BITBANK3            60      0       0       8        0.0%
BANK3               60      0       0       9        0.0%
BITBANK2            60      0       0      10        0.0%
BANK2               60      0       0      11        0.0%
DATA                 0      0       0      12        0.0%


Microchip Technology PIC Macro Assembler V2.32 build 20210201212658 
Symbol Table                                                                                   Thu Apr 15 23:10:22 2021

                     l40 075A                       l43 075E                       l37 0743  
                     u40 074D                       u41 074C                       u50 075E  
                     u51 075D                       u60 07F4                       u45 0749  
                     u61 07F3                       u77 0779                      l720 0752  
                    l712 0736                      l730 0757                      l722 0753  
                    l714 0739                      l732 0758                      l724 0754  
                    l716 074D                      l740 0768                      l734 0759  
                    l726 0755                      l718 0751                      l750 0789  
                    l742 077F                      l728 0756                      l760 07B6  
                    l752 0792                      l736 075F                      l770 07E5  
                    l762 07C3                      l754 0796                      l738 0766  
                    l772 07EB                      l764 07C7                      l756 079A  
                    l748 0781                      l774 07F4                      l766 07D4  
                    l758 07AD                      l768 07D8                      _GIE 005F  
                   _PEIE 005E                     _main 075F                     btemp 007E  
                   start 0000                    ?_main 0070                    _ANSEL 0188  
                  _TMR1H 000F                    _TMR1L 000E                    _PORTB 0006  
                  _PORTE 0009                    _TRISB 0086                    _TRISE 0089  
                  main@b 0077                    status 0003                    wtemp0 007E  
        __initialization 07FC             __end_of_main 07FC                   ??_main 0074  
                 _ANSELH 0189                   _T1SYNC 0082                   _TMR1IF 0060  
                 _TMR1CS 0081                   _TMR1ON 0080         __end_of_delay_ms 075F  
__end_of__initialization 07FC           __pcstackCOMMON 0070               __pmaintext 075F  
                _T1CKPS0 0084                  _T1CKPS1 0085                ?_delay_ms 0070  
                __ptext1 0736               ??_delay_ms 0072               delay_ms@ms 0070  
   end_of_initialization 07FC      start_initialization 07FC                ___latbits 0002  
      __size_of_delay_ms 0029                delay_ms@i 0072                 _delay_ms 0736  
          __size_of_main 009D  
