

Microchip MPLAB XC8 Assembler V2.32 build 20210201212658 
                                                                                               Thu Apr 22 22:53:10 2021

Microchip MPLAB XC8 C Compiler v2.32 (Free license) build 20210201212658 Og1 
     1                           	processor	16F887
     2                           	pagewidth 120
     3                           	opt	flic
     4                           	psect	strings,global,class=STRING,delta=2,noexec
     5                           	psect	cinit,global,class=CODE,merge=1,delta=2
     6                           	psect	cstackCOMMON,global,class=COMMON,space=1,delta=1,noexec
     7                           	psect	cstackBANK0,global,class=BANK0,space=1,delta=1,noexec
     8                           	psect	maintext,global,class=CODE,split=1,delta=2
     9                           	psect	text1,local,class=CODE,merge=1,delta=2
    10                           	psect	text2,local,class=CODE,merge=1,delta=2
    11                           	psect	text3,local,class=CODE,merge=1,delta=2
    12                           	psect	text4,local,class=CODE,merge=1,delta=2
    13                           	psect	text5,local,class=CODE,merge=1,delta=2
    14                           	psect	text6,local,class=CODE,merge=1,delta=2
    15                           	psect	text7,local,class=CODE,merge=1,delta=2
    16                           	psect	text8,local,class=CODE,merge=1,delta=2
    17                           	psect	config,global,abs,ovrld,class=CONFIG,space=4,delta=2,noexec
    18                           	dabs	1,0x7E,2
    19  0000                     
    20                           ; Version 2.20
    21                           ; Generated 12/02/2020 GMT
    22                           ; 
    23                           ; Copyright © 2020, Microchip Technology Inc. and its subsidiaries ("Microchip")
    24                           ; All rights reserved.
    25                           ; 
    26                           ; This software is developed by Microchip Technology Inc. and its subsidiaries ("Microch
      +                          ip").
    27                           ; 
    28                           ; Redistribution and use in source and binary forms, with or without modification, are
    29                           ; permitted provided that the following conditions are met:
    30                           ; 
    31                           ;     1. Redistributions of source code must retain the above copyright notice, this lis
      +                          t of
    32                           ;        conditions and the following disclaimer.
    33                           ; 
    34                           ;     2. Redistributions in binary form must reproduce the above copyright notice, this 
      +                          list
    35                           ;        of conditions and the following disclaimer in the documentation and/or other
    36                           ;        materials provided with the distribution.
    37                           ; 
    38                           ;     3. Microchip's name may not be used to endorse or promote products derived from th
      +                          is
    39                           ;        software without specific prior written permission.
    40                           ; 
    41                           ; THIS SOFTWARE IS PROVIDED BY MICROCHIP "AS IS" AND ANY EXPRESS OR IMPLIED WARRANTIES,
    42                           ; INCLUDING, BUT NOT LIMITED TO, THE IMPLIED WARRANTIES OF MERCHANTABILITY AND FITNESS F
      +                          OR
    43                           ; PURPOSE ARE DISCLAIMED.  IN NO EVENT SHALL MICROCHIP BE LIABLE FOR ANY DIRECT, INDIREC
      +                          T,
    44                           ; INCIDENTAL, SPECIAL, EXEMPLARY, OR CONSEQUENTIAL DAMAGES (INCLUDING BUT NOT LIMITED TO
    45                           ; PROCUREMENT OF SUBSTITUTE GOODS OR SERVICES; LOSS OF USE, DATA OR PROFITS; OR BUSINESS
    46                           ; INTERRUPTION) HOWSOEVER CAUSED AND ON ANY THEORY OF LIABILITY, WHETHER IN CONTRACT, ST
      +                          RICT
    47                           ; LIABILITY, OR TORT (INCLUDING NEGLIGENCE OR OTHERWISE) ARISING IN ANY WAY OUT OF THE U
      +                          SE OF
    48                           ; THIS SOFTWARE, EVEN IF ADVISED OF THE POSSIBILITY OF SUCH DAMAGE.
    49                           ; 
    50                           ; 
    51                           ; Code-generator required, PIC16F887 Definitions
    52                           ; 
    53                           ; SFR Addresses
    54  0000                     	;# 
    55  0001                     	;# 
    56  0002                     	;# 
    57  0003                     	;# 
    58  0004                     	;# 
    59  0005                     	;# 
    60  0006                     	;# 
    61  0007                     	;# 
    62  0008                     	;# 
    63  0009                     	;# 
    64  000A                     	;# 
    65  000B                     	;# 
    66  000C                     	;# 
    67  000D                     	;# 
    68  000E                     	;# 
    69  000E                     	;# 
    70  000F                     	;# 
    71  0010                     	;# 
    72  0011                     	;# 
    73  0012                     	;# 
    74  0013                     	;# 
    75  0014                     	;# 
    76  0015                     	;# 
    77  0015                     	;# 
    78  0016                     	;# 
    79  0017                     	;# 
    80  0018                     	;# 
    81  0019                     	;# 
    82  001A                     	;# 
    83  001B                     	;# 
    84  001B                     	;# 
    85  001C                     	;# 
    86  001D                     	;# 
    87  001E                     	;# 
    88  001F                     	;# 
    89  0081                     	;# 
    90  0085                     	;# 
    91  0086                     	;# 
    92  0087                     	;# 
    93  0088                     	;# 
    94  0089                     	;# 
    95  008C                     	;# 
    96  008D                     	;# 
    97  008E                     	;# 
    98  008F                     	;# 
    99  0090                     	;# 
   100  0091                     	;# 
   101  0092                     	;# 
   102  0093                     	;# 
   103  0093                     	;# 
   104  0093                     	;# 
   105  0094                     	;# 
   106  0095                     	;# 
   107  0096                     	;# 
   108  0097                     	;# 
   109  0098                     	;# 
   110  0099                     	;# 
   111  009A                     	;# 
   112  009B                     	;# 
   113  009C                     	;# 
   114  009D                     	;# 
   115  009E                     	;# 
   116  009F                     	;# 
   117  0105                     	;# 
   118  0107                     	;# 
   119  0108                     	;# 
   120  0109                     	;# 
   121  010C                     	;# 
   122  010C                     	;# 
   123  010D                     	;# 
   124  010E                     	;# 
   125  010F                     	;# 
   126  0185                     	;# 
   127  0187                     	;# 
   128  0188                     	;# 
   129  0189                     	;# 
   130  018C                     	;# 
   131  018D                     	;# 
   132  0000                     	;# 
   133  0001                     	;# 
   134  0002                     	;# 
   135  0003                     	;# 
   136  0004                     	;# 
   137  0005                     	;# 
   138  0006                     	;# 
   139  0007                     	;# 
   140  0008                     	;# 
   141  0009                     	;# 
   142  000A                     	;# 
   143  000B                     	;# 
   144  000C                     	;# 
   145  000D                     	;# 
   146  000E                     	;# 
   147  000E                     	;# 
   148  000F                     	;# 
   149  0010                     	;# 
   150  0011                     	;# 
   151  0012                     	;# 
   152  0013                     	;# 
   153  0014                     	;# 
   154  0015                     	;# 
   155  0015                     	;# 
   156  0016                     	;# 
   157  0017                     	;# 
   158  0018                     	;# 
   159  0019                     	;# 
   160  001A                     	;# 
   161  001B                     	;# 
   162  001B                     	;# 
   163  001C                     	;# 
   164  001D                     	;# 
   165  001E                     	;# 
   166  001F                     	;# 
   167  0081                     	;# 
   168  0085                     	;# 
   169  0086                     	;# 
   170  0087                     	;# 
   171  0088                     	;# 
   172  0089                     	;# 
   173  008C                     	;# 
   174  008D                     	;# 
   175  008E                     	;# 
   176  008F                     	;# 
   177  0090                     	;# 
   178  0091                     	;# 
   179  0092                     	;# 
   180  0093                     	;# 
   181  0093                     	;# 
   182  0093                     	;# 
   183  0094                     	;# 
   184  0095                     	;# 
   185  0096                     	;# 
   186  0097                     	;# 
   187  0098                     	;# 
   188  0099                     	;# 
   189  009A                     	;# 
   190  009B                     	;# 
   191  009C                     	;# 
   192  009D                     	;# 
   193  009E                     	;# 
   194  009F                     	;# 
   195  0105                     	;# 
   196  0107                     	;# 
   197  0108                     	;# 
   198  0109                     	;# 
   199  010C                     	;# 
   200  010C                     	;# 
   201  010D                     	;# 
   202  010E                     	;# 
   203  010F                     	;# 
   204  0185                     	;# 
   205  0187                     	;# 
   206  0188                     	;# 
   207  0189                     	;# 
   208  018C                     	;# 
   209  018D                     	;# 
   210  0000                     	;# 
   211  0001                     	;# 
   212  0002                     	;# 
   213  0003                     	;# 
   214  0004                     	;# 
   215  0005                     	;# 
   216  0006                     	;# 
   217  0007                     	;# 
   218  0008                     	;# 
   219  0009                     	;# 
   220  000A                     	;# 
   221  000B                     	;# 
   222  000C                     	;# 
   223  000D                     	;# 
   224  000E                     	;# 
   225  000E                     	;# 
   226  000F                     	;# 
   227  0010                     	;# 
   228  0011                     	;# 
   229  0012                     	;# 
   230  0013                     	;# 
   231  0014                     	;# 
   232  0015                     	;# 
   233  0015                     	;# 
   234  0016                     	;# 
   235  0017                     	;# 
   236  0018                     	;# 
   237  0019                     	;# 
   238  001A                     	;# 
   239  001B                     	;# 
   240  001B                     	;# 
   241  001C                     	;# 
   242  001D                     	;# 
   243  001E                     	;# 
   244  001F                     	;# 
   245  0081                     	;# 
   246  0085                     	;# 
   247  0086                     	;# 
   248  0087                     	;# 
   249  0088                     	;# 
   250  0089                     	;# 
   251  008C                     	;# 
   252  008D                     	;# 
   253  008E                     	;# 
   254  008F                     	;# 
   255  0090                     	;# 
   256  0091                     	;# 
   257  0092                     	;# 
   258  0093                     	;# 
   259  0093                     	;# 
   260  0093                     	;# 
   261  0094                     	;# 
   262  0095                     	;# 
   263  0096                     	;# 
   264  0097                     	;# 
   265  0098                     	;# 
   266  0099                     	;# 
   267  009A                     	;# 
   268  009B                     	;# 
   269  009C                     	;# 
   270  009D                     	;# 
   271  009E                     	;# 
   272  009F                     	;# 
   273  0105                     	;# 
   274  0107                     	;# 
   275  0108                     	;# 
   276  0109                     	;# 
   277  010C                     	;# 
   278  010C                     	;# 
   279  010D                     	;# 
   280  010E                     	;# 
   281  010F                     	;# 
   282  0185                     	;# 
   283  0187                     	;# 
   284  0188                     	;# 
   285  0189                     	;# 
   286  018C                     	;# 
   287  018D                     	;# 
   288  0012                     _T2CON	set	18
   289  001D                     _CCP2CON	set	29
   290  001B                     _CCPR2L	set	27
   291  0011                     _TMR2	set	17
   292  0044                     _RD4	set	68
   293  0045                     _RD5	set	69
   294  0046                     _RD6	set	70
   295  0047                     _RD7	set	71
   296  0043                     _RD3	set	67
   297  0041                     _RD1	set	65
   298  0042                     _RD2	set	66
   299  0048                     _RE0	set	72
   300  0092                     _TMR2ON	set	146
   301  00EC                     _DC2B0	set	236
   302  00ED                     _DC2B1	set	237
   303  0092                     _PR2	set	146
   304  0442                     _TRISD2	set	1090
   305  0441                     _TRISD1	set	1089
   306  0443                     _TRISD3	set	1091
   307  0447                     _TRISD7	set	1095
   308  0446                     _TRISD6	set	1094
   309  0445                     _TRISD5	set	1093
   310  0444                     _TRISD4	set	1092
   311  0448                     _TRISE0	set	1096
   312  0439                     _TRISC1	set	1081
   313                           
   314                           	psect	strings
   315  0003                     __pstrings:
   316  0003                     stringtab:
   317  0003                     __stringtab:
   318  0003                     stringcode:	
   319                           ;	String table - string pointers are 1 byte each
   320                           
   321  0003                     stringdir:
   322  0003  3000               	movlw	high stringdir
   323  0004  008A               	movwf	10
   324  0005  0804               	movf	4,w
   325  0006  0A84               	incf	4,f
   326  0007  0782               	addwf	2,f
   327  0008                     __stringbase:
   328  0008  3400               	retlw	0
   329  0009                     __end_of__stringtab:
   330  0009                     STR_1:
   331  0009  340C               	retlw	12
   332  000A  3446               	retlw	70	;'F'
   333  000B  3472               	retlw	114	;'r'
   334  000C  3465               	retlw	101	;'e'
   335  000D  3471               	retlw	113	;'q'
   336  000E  343D               	retlw	61	;'='
   337  000F  3431               	retlw	49	;'1'
   338  0010  3431               	retlw	49	;'1'
   339  0011  3420               	retlw	32	;' '
   340  0012  344B               	retlw	75	;'K'
   341  0013  3448               	retlw	72	;'H'
   342  0014  347A               	retlw	122	;'z'
   343  0015  340A               	retlw	10
   344  0016  3420               	retlw	32	;' '
   345  0017  3444               	retlw	68	;'D'
   346  0018  343D               	retlw	61	;'='
   347  0019  3436               	retlw	54	;'6'
   348  001A  3435               	retlw	53	;'5'
   349  001B  3425               	retlw	37	;'%'
   350  001C  3420               	retlw	32	;' '
   351  001D  344D               	retlw	77	;'M'
   352  001E  346F               	retlw	111	;'o'
   353  001F  3464               	retlw	100	;'d'
   354  0020  3475               	retlw	117	;'u'
   355  0021  346C               	retlw	108	;'l'
   356  0022  343D               	retlw	61	;'='
   357  0023  3431               	retlw	49	;'1'
   358  0024  3400               	retlw	0
   359                           
   360                           	psect	cinit
   361  07FC                     start_initialization:	
   362                           ; #config settings
   363                           
   364  07FC                     __initialization:
   365  07FC                     end_of_initialization:	
   366                           ;End of C runtime variable initialization code
   367                           
   368  07FC                     __end_of__initialization:
   369  07FC  0183               	clrf	3
   370  07FD  120A  118A  2DCD   	ljmp	_main	;jump to C main() function
   371                           
   372                           	psect	cstackCOMMON
   373  0070                     __pcstackCOMMON:
   374  0070                     ?_lcd_init:
   375  0070                     ?_lcd_putc:	
   376                           ; 1 bytes @ 0x0
   377                           
   378  0070                     ?_lcd_puts:	
   379                           ; 1 bytes @ 0x0
   380                           
   381  0070                     ?_setup_ccp:	
   382                           ; 1 bytes @ 0x0
   383                           
   384  0070                     ??_setup_ccp:	
   385                           ; 1 bytes @ 0x0
   386                           
   387  0070                     ?_main:	
   388                           ; 1 bytes @ 0x0
   389                           
   390  0070                     ?_lcd_busy:	
   391                           ; 1 bytes @ 0x0
   392                           
   393  0070                     ??_lcd_busy:	
   394                           ; 1 bytes @ 0x0
   395                           
   396  0070                     ?_lcd_put_nibble:	
   397                           ; 1 bytes @ 0x0
   398                           
   399  0070                     ??_lcd_put_nibble:	
   400                           ; 1 bytes @ 0x0
   401                           
   402                           
   403                           ; 1 bytes @ 0x0
   404  0070                     	ds	1
   405  0071                     lcd_busy@busy:
   406  0071                     lcd_put_nibble@b:	
   407                           ; 1 bytes @ 0x1
   408                           
   409                           
   410                           ; 1 bytes @ 0x1
   411  0071                     	ds	1
   412  0072                     lcd_put_nibble@temp:
   413                           
   414                           ; 1 bytes @ 0x2
   415  0072                     	ds	1
   416  0073                     ?_lcd_put_byte:
   417  0073                     lcd_put_byte@b:	
   418                           ; 1 bytes @ 0x3
   419                           
   420                           
   421                           ; 1 bytes @ 0x3
   422  0073                     	ds	1
   423  0074                     ??_lcd_put_byte:
   424                           
   425                           ; 1 bytes @ 0x4
   426  0074                     	ds	1
   427  0075                     lcd_put_byte@rs:
   428                           
   429                           ; 1 bytes @ 0x5
   430  0075                     	ds	1
   431  0076                     ??_lcd_init:
   432  0076                     ?_lcd_gotoxy:	
   433                           ; 1 bytes @ 0x6
   434                           
   435  0076                     lcd_gotoxy@row:	
   436                           ; 1 bytes @ 0x6
   437                           
   438                           
   439                           ; 1 bytes @ 0x6
   440  0076                     	ds	1
   441  0077                     ??_lcd_gotoxy:
   442                           
   443                           ; 1 bytes @ 0x7
   444  0077                     	ds	1
   445  0078                     lcd_gotoxy@col:
   446                           
   447                           ; 1 bytes @ 0x8
   448  0078                     	ds	1
   449  0079                     lcd_gotoxy@address:
   450                           
   451                           ; 1 bytes @ 0x9
   452  0079                     	ds	1
   453  007A                     ??_lcd_putc:
   454                           
   455                           ; 1 bytes @ 0xA
   456  007A                     	ds	2
   457  007C                     lcd_putc@c:
   458                           
   459                           ; 1 bytes @ 0xC
   460  007C                     	ds	1
   461  007D                     ??_lcd_puts:
   462                           
   463                           ; 1 bytes @ 0xD
   464  007D                     	ds	1
   465  007E                     ??_main:
   466                           
   467                           	psect	cstackBANK0
   468  0020                     __pcstackBANK0:	
   469                           ; 1 bytes @ 0xE
   470                           
   471  0020                     lcd_puts@s:
   472                           
   473                           ; 1 bytes @ 0x0
   474  0020                     	ds	1
   475                           
   476                           	psect	maintext
   477  05CD                     __pmaintext:	
   478 ;;
   479 ;;Main: autosize = 0, tempsize = 0, incstack = 0, save=0
   480 ;;
   481 ;; *************** function _main *****************
   482 ;; Defined at:
   483 ;;		line 38 in file "vdPWM.c"
   484 ;; Parameters:    Size  Location     Type
   485 ;;		None
   486 ;; Auto vars:     Size  Location     Type
   487 ;;		None
   488 ;; Return value:  Size  Location     Type
   489 ;;                  1    wreg      void 
   490 ;; Registers used:
   491 ;;		wreg, fsr0l, fsr0h, status,2, status,0, pclath, cstack
   492 ;; Tracked objects:
   493 ;;		On entry : B00/0
   494 ;;		On exit  : 0/0
   495 ;;		Unchanged: 0/0
   496 ;; Data sizes:     COMMON   BANK0   BANK1   BANK3   BANK2
   497 ;;      Params:         0       0       0       0       0
   498 ;;      Locals:         0       0       0       0       0
   499 ;;      Temps:          0       0       0       0       0
   500 ;;      Totals:         0       0       0       0       0
   501 ;;Total ram usage:        0 bytes
   502 ;; Hardware stack levels required when called: 5
   503 ;; This function calls:
   504 ;;		_lcd_init
   505 ;;		_lcd_putc
   506 ;;		_lcd_puts
   507 ;;		_setup_ccp
   508 ;; This function is called by:
   509 ;;		Startup code after reset
   510 ;; This function uses a non-reentrant model
   511 ;;
   512                           
   513                           
   514                           ;psect for function _main
   515  05CD                     _main:
   516  05CD                     l1144:	
   517                           ;incstack = 0
   518                           ; Regs used in _main: [wreg-fsr0h+status,2+status,0+pclath+cstack]
   519                           
   520                           
   521                           ;vdPWM.c: 40:         lcd_init();
   522  05CD  120A  118A  2759  120A  118A  	fcall	_lcd_init
   523  05D2                     l1146:
   524                           
   525                           ;vdPWM.c: 41:         lcd_putc('\f');
   526  05D2  300C               	movlw	12
   527  05D3  120A  118A  26FD  120A  118A  	fcall	_lcd_putc
   528  05D8                     l1148:
   529                           
   530                           ;vdPWM.c: 42:         lcd_puts("\fFreq=11 KHz\n D=65% Modul=1");
   531  05D8  3001               	movlw	(low ((STR_1-__stringbase)| (0+32768)))& (0+255)
   532  05D9  120A  118A  2607  120A  118A  	fcall	_lcd_puts
   533                           
   534                           ;vdPWM.c: 43:         setup_ccp();
   535  05DE  120A  118A  25E7  120A  118A  	fcall	_setup_ccp
   536  05E3                     l36:	
   537                           ;vdPWM.c: 44:         while(1);
   538                           
   539  05E3                     l37:
   540  05E3  2DE3               	goto	l36
   541  05E4  120A  118A  2800   	ljmp	start
   542  05E7                     __end_of_main:
   543                           
   544                           	psect	text1
   545  05E7                     __ptext1:	
   546 ;; *************** function _setup_ccp *****************
   547 ;; Defined at:
   548 ;;		line 23 in file "vdPWM.c"
   549 ;; Parameters:    Size  Location     Type
   550 ;;		None
   551 ;; Auto vars:     Size  Location     Type
   552 ;;		None
   553 ;; Return value:  Size  Location     Type
   554 ;;                  1    wreg      void 
   555 ;; Registers used:
   556 ;;		wreg, status,2
   557 ;; Tracked objects:
   558 ;;		On entry : 0/0
   559 ;;		On exit  : 0/0
   560 ;;		Unchanged: 0/0
   561 ;; Data sizes:     COMMON   BANK0   BANK1   BANK3   BANK2
   562 ;;      Params:         0       0       0       0       0
   563 ;;      Locals:         0       0       0       0       0
   564 ;;      Temps:          0       0       0       0       0
   565 ;;      Totals:         0       0       0       0       0
   566 ;;Total ram usage:        0 bytes
   567 ;; Hardware stack levels used: 1
   568 ;; This function calls:
   569 ;;		Nothing
   570 ;; This function is called by:
   571 ;;		_main
   572 ;; This function uses a non-reentrant model
   573 ;;
   574                           
   575                           
   576                           ;psect for function _setup_ccp
   577  05E7                     _setup_ccp:
   578  05E7                     l842:	
   579                           ;incstack = 0
   580                           ; Regs used in _setup_ccp: [wreg+status,2]
   581                           
   582                           
   583                           ;vdPWM.c: 25: TRISC1 = 1;
   584  05E7  1683               	bsf	3,5	;RP0=1, select bank1
   585  05E8  1303               	bcf	3,6	;RP1=0, select bank1
   586  05E9  1487               	bsf	7,1	;volatile
   587  05EA                     l844:
   588                           
   589                           ;vdPWM.c: 26: TMR2 = 0;
   590  05EA  1283               	bcf	3,5	;RP0=0, select bank0
   591  05EB  1303               	bcf	3,6	;RP1=0, select bank0
   592  05EC  0191               	clrf	17	;volatile
   593  05ED                     l846:
   594                           
   595                           ;vdPWM.c: 27: PR2 = 89;
   596  05ED  3059               	movlw	89
   597  05EE  1683               	bsf	3,5	;RP0=1, select bank1
   598  05EF  1303               	bcf	3,6	;RP1=0, select bank1
   599  05F0  0092               	movwf	18	;volatile
   600  05F1                     l848:
   601                           
   602                           ;vdPWM.c: 28: CCPR2L = 58;
   603  05F1  303A               	movlw	58
   604  05F2  1283               	bcf	3,5	;RP0=0, select bank0
   605  05F3  1303               	bcf	3,6	;RP1=0, select bank0
   606  05F4  009B               	movwf	27	;volatile
   607  05F5                     l850:
   608                           
   609                           ;vdPWM.c: 29: CCP2CON = 0x0C;
   610  05F5  300C               	movlw	12
   611  05F6  009D               	movwf	29	;volatile
   612  05F7                     l852:
   613                           
   614                           ;vdPWM.c: 30: DC2B1=0;DC2B0=0;
   615  05F7  129D               	bcf	29,5	;volatile
   616  05F8                     l854:
   617  05F8  121D               	bcf	29,4	;volatile
   618  05F9                     l856:
   619                           
   620                           ;vdPWM.c: 31: TRISC1 = 0;
   621  05F9  1683               	bsf	3,5	;RP0=1, select bank1
   622  05FA  1303               	bcf	3,6	;RP1=0, select bank1
   623  05FB  1087               	bcf	7,1	;volatile
   624  05FC                     l858:
   625                           
   626                           ;vdPWM.c: 32: T2CON = 0X00;
   627  05FC  1283               	bcf	3,5	;RP0=0, select bank0
   628  05FD  1303               	bcf	3,6	;RP1=0, select bank0
   629  05FE  0192               	clrf	18	;volatile
   630  05FF                     l860:
   631                           
   632                           ;vdPWM.c: 33: TMR2ON =1;
   633  05FF  1512               	bsf	18,2	;volatile
   634  0600                     l862:
   635                           
   636                           ;vdPWM.c: 34: TRISE0=0;
   637  0600  1683               	bsf	3,5	;RP0=1, select bank1
   638  0601  1303               	bcf	3,6	;RP1=0, select bank1
   639  0602  1009               	bcf	9,0	;volatile
   640  0603                     l864:
   641                           
   642                           ;vdPWM.c: 35: RE0=1;
   643  0603  1283               	bcf	3,5	;RP0=0, select bank0
   644  0604  1303               	bcf	3,6	;RP1=0, select bank0
   645  0605  1409               	bsf	9,0	;volatile
   646  0606                     l31:
   647  0606  0008               	return
   648  0607                     __end_of_setup_ccp:
   649                           
   650                           	psect	text2
   651  0607                     __ptext2:	
   652 ;; *************** function _lcd_puts *****************
   653 ;; Defined at:
   654 ;;		line 224 in file "lcd.c"
   655 ;; Parameters:    Size  Location     Type
   656 ;;  s               1    wreg     PTR const unsigned char 
   657 ;;		 -> STR_1(28), 
   658 ;; Auto vars:     Size  Location     Type
   659 ;;  s               1    0[BANK0 ] PTR const unsigned char 
   660 ;;		 -> STR_1(28), 
   661 ;; Return value:  Size  Location     Type
   662 ;;                  1    wreg      void 
   663 ;; Registers used:
   664 ;;		wreg, fsr0l, fsr0h, status,2, status,0, pclath, cstack
   665 ;; Tracked objects:
   666 ;;		On entry : 0/0
   667 ;;		On exit  : 0/0
   668 ;;		Unchanged: 0/0
   669 ;; Data sizes:     COMMON   BANK0   BANK1   BANK3   BANK2
   670 ;;      Params:         0       0       0       0       0
   671 ;;      Locals:         0       1       0       0       0
   672 ;;      Temps:          1       0       0       0       0
   673 ;;      Totals:         1       1       0       0       0
   674 ;;Total ram usage:        2 bytes
   675 ;; Hardware stack levels used: 1
   676 ;; Hardware stack levels required when called: 4
   677 ;; This function calls:
   678 ;;		_lcd_putc
   679 ;; This function is called by:
   680 ;;		_main
   681 ;; This function uses a non-reentrant model
   682 ;;
   683                           
   684                           
   685                           ;psect for function _lcd_puts
   686  0607                     _lcd_puts:
   687                           
   688                           ;incstack = 0
   689                           ; Regs used in _lcd_puts: [wreg-fsr0h+status,2+status,0+pclath+cstack]
   690                           ;lcd_puts@s stored from wreg
   691  0607  1283               	bcf	3,5	;RP0=0, select bank0
   692  0608  1303               	bcf	3,6	;RP1=0, select bank0
   693  0609  00A0               	movwf	lcd_puts@s
   694  060A                     l1132:
   695                           
   696                           ;lcd.c: 224: void lcd_puts(const char* s);lcd.c: 225: {;lcd.c: 229:  while(*s)
   697  060A  2E1D               	goto	l1138
   698  060B                     l1134:
   699                           
   700                           ;lcd.c: 230:   {;lcd.c: 231:   lcd_putc(*s++);
   701  060B  0820               	movf	lcd_puts@s,w
   702  060C  0084               	movwf	4
   703  060D  120A  118A  2003  120A  118A  	fcall	stringdir
   704  0612  120A  118A  26FD  120A  118A  	fcall	_lcd_putc
   705  0617                     l1136:
   706  0617  3001               	movlw	1
   707  0618  00FD               	movwf	??_lcd_puts
   708  0619  087D               	movf	??_lcd_puts,w
   709  061A  1283               	bcf	3,5	;RP0=0, select bank0
   710  061B  1303               	bcf	3,6	;RP1=0, select bank0
   711  061C  07A0               	addwf	lcd_puts@s,f
   712  061D                     l1138:
   713                           
   714                           ;lcd.c: 229:  while(*s)
   715  061D  0820               	movf	lcd_puts@s,w
   716  061E  0084               	movwf	4
   717  061F  120A  118A  2003  120A  118A  	fcall	stringdir
   718  0624  3A00               	xorlw	0
   719  0625  1D03               	skipz
   720  0626  2E28               	goto	u541
   721  0627  2E29               	goto	u540
   722  0628                     u541:
   723  0628  2E0B               	goto	l1134
   724  0629                     u540:
   725  0629                     l117:
   726  0629  0008               	return
   727  062A                     __end_of_lcd_puts:
   728                           
   729                           	psect	text3
   730  06FD                     __ptext3:	
   731 ;; *************** function _lcd_putc *****************
   732 ;; Defined at:
   733 ;;		line 190 in file "lcd.c"
   734 ;; Parameters:    Size  Location     Type
   735 ;;  c               1    wreg     unsigned char 
   736 ;; Auto vars:     Size  Location     Type
   737 ;;  c               1   12[COMMON] unsigned char 
   738 ;; Return value:  Size  Location     Type
   739 ;;                  1    wreg      void 
   740 ;; Registers used:
   741 ;;		wreg, fsr0l, fsr0h, status,2, status,0, pclath, cstack
   742 ;; Tracked objects:
   743 ;;		On entry : 0/0
   744 ;;		On exit  : 0/0
   745 ;;		Unchanged: 0/0
   746 ;; Data sizes:     COMMON   BANK0   BANK1   BANK3   BANK2
   747 ;;      Params:         0       0       0       0       0
   748 ;;      Locals:         1       0       0       0       0
   749 ;;      Temps:          2       0       0       0       0
   750 ;;      Totals:         3       0       0       0       0
   751 ;;Total ram usage:        3 bytes
   752 ;; Hardware stack levels used: 1
   753 ;; Hardware stack levels required when called: 3
   754 ;; This function calls:
   755 ;;		_lcd_busy
   756 ;;		_lcd_gotoxy
   757 ;;		_lcd_put_byte
   758 ;; This function is called by:
   759 ;;		_main
   760 ;;		_lcd_puts
   761 ;;		_lcd_String_Delay
   762 ;;		_putch
   763 ;; This function uses a non-reentrant model
   764 ;;
   765                           
   766                           
   767                           ;psect for function _lcd_putc
   768  06FD                     _lcd_putc:
   769                           
   770                           ;incstack = 0
   771                           ; Regs used in _lcd_putc: [wreg-fsr0h+status,2+status,0+pclath+cstack]
   772                           ;lcd_putc@c stored from wreg
   773  06FD  00FC               	movwf	lcd_putc@c
   774  06FE                     l1072:
   775                           
   776                           ;lcd.c: 190: void lcd_putc(char c);lcd.c: 191: {;lcd.c: 195:  switch(c)
   777  06FE  2F45               	goto	l1088
   778  06FF                     l1074:
   779                           
   780                           ;lcd.c: 198:    lcd_put_byte(0,1);
   781  06FF  01F3               	clrf	lcd_put_byte@b
   782  0700  0AF3               	incf	lcd_put_byte@b,f
   783  0701  3000               	movlw	0
   784  0702  120A  118A  2680  120A  118A  	fcall	_lcd_put_byte
   785  0707                     l1076:	
   786                           ;lcd.c: 199:    while(lcd_busy());
   787                           
   788  0707  120A  118A  2650  120A  118A  	fcall	_lcd_busy
   789  070C  3A00               	xorlw	0
   790  070D  1D03               	skipz
   791  070E  2F10               	goto	u461
   792  070F  2F11               	goto	u460
   793  0710                     u461:
   794  0710  2F07               	goto	l1076
   795  0711                     u460:
   796  0711  2F58               	goto	l111
   797  0712                     l1078:
   798                           
   799                           ;lcd.c: 202:    lcd_gotoxy(0,1);
   800  0712  01F6               	clrf	lcd_gotoxy@row
   801  0713  0AF6               	incf	lcd_gotoxy@row,f
   802  0714  3000               	movlw	0
   803  0715  120A  118A  262A  120A  118A  	fcall	_lcd_gotoxy
   804                           
   805                           ;lcd.c: 203:    break;
   806  071A  2F58               	goto	l111
   807  071B                     l1080:
   808                           
   809                           ;lcd.c: 205:    lcd_put_byte(0,0x10);
   810  071B  3010               	movlw	16
   811  071C  00FA               	movwf	??_lcd_putc
   812  071D  087A               	movf	??_lcd_putc,w
   813  071E  00F3               	movwf	lcd_put_byte@b
   814  071F  3000               	movlw	0
   815  0720  120A  118A  2680  120A  118A  	fcall	_lcd_put_byte
   816  0725                     l1082:	
   817                           ;lcd.c: 206:    while(lcd_busy());
   818                           
   819  0725  120A  118A  2650  120A  118A  	fcall	_lcd_busy
   820  072A  3A00               	xorlw	0
   821  072B  1D03               	skipz
   822  072C  2F2E               	goto	u471
   823  072D  2F2F               	goto	u470
   824  072E                     u471:
   825  072E  2F25               	goto	l1082
   826  072F                     u470:
   827  072F  2F58               	goto	l111
   828  0730                     l1084:
   829                           
   830                           ;lcd.c: 210:     {;lcd.c: 211:     lcd_put_byte(1,c);
   831  0730  087C               	movf	lcd_putc@c,w
   832  0731  00FA               	movwf	??_lcd_putc
   833  0732  087A               	movf	??_lcd_putc,w
   834  0733  00F3               	movwf	lcd_put_byte@b
   835  0734  3001               	movlw	1
   836  0735  120A  118A  2680  120A  118A  	fcall	_lcd_put_byte
   837  073A                     l1086:	
   838                           ;lcd.c: 212:     while(lcd_busy());
   839                           
   840  073A  120A  118A  2650  120A  118A  	fcall	_lcd_busy
   841  073F  3A00               	xorlw	0
   842  0740  1D03               	skipz
   843  0741  2F43               	goto	u481
   844  0742  2F44               	goto	u480
   845  0743                     u481:
   846  0743  2F3A               	goto	l1086
   847  0744                     u480:
   848  0744  2F58               	goto	l111
   849  0745                     l1088:
   850  0745  087C               	movf	lcd_putc@c,w
   851  0746  00FA               	movwf	??_lcd_putc
   852  0747  01FB               	clrf	??_lcd_putc+1
   853                           
   854                           ; Switch on 2 bytes has been partitioned into a top level switch of size 1, and 1 sub-sw
      +                          itches
   855                           ; Switch size 1, requested type "simple"
   856                           ; Number of cases is 1, Range of values is 0 to 0
   857                           ; switch strategies available:
   858                           ; Name         Instructions Cycles
   859                           ; simple_byte            4     3 (average)
   860                           ; direct_byte           11     8 (fixed)
   861                           ; jumptable            260     6 (fixed)
   862                           ;	Chosen strategy is simple_byte
   863  0748  087B               	movf	??_lcd_putc+1,w
   864  0749  3A00               	xorlw	0	; case 0
   865  074A  1903               	skipnz
   866  074B  2F4D               	goto	l1200
   867  074C  2F30               	goto	l1084
   868  074D                     l1200:
   869                           
   870                           ; Switch size 1, requested type "simple"
   871                           ; Number of cases is 3, Range of values is 8 to 12
   872                           ; switch strategies available:
   873                           ; Name         Instructions Cycles
   874                           ; simple_byte           10     6 (average)
   875                           ; direct_byte           26    11 (fixed)
   876                           ; jumptable            263     9 (fixed)
   877                           ;	Chosen strategy is simple_byte
   878  074D  087A               	movf	??_lcd_putc,w
   879  074E  3A08               	xorlw	8	; case 8
   880  074F  1903               	skipnz
   881  0750  2F1B               	goto	l1080
   882  0751  3A02               	xorlw	2	; case 10
   883  0752  1903               	skipnz
   884  0753  2F12               	goto	l1078
   885  0754  3A06               	xorlw	6	; case 12
   886  0755  1903               	skipnz
   887  0756  2EFF               	goto	l1074
   888  0757  2F30               	goto	l1084
   889  0758                     l111:
   890  0758  0008               	return
   891  0759                     __end_of_lcd_putc:
   892                           
   893                           	psect	text4
   894  062A                     __ptext4:	
   895 ;; *************** function _lcd_gotoxy *****************
   896 ;; Defined at:
   897 ;;		line 167 in file "lcd.c"
   898 ;; Parameters:    Size  Location     Type
   899 ;;  col             1    wreg     unsigned char 
   900 ;;  row             1    6[COMMON] unsigned char 
   901 ;; Auto vars:     Size  Location     Type
   902 ;;  col             1    8[COMMON] unsigned char 
   903 ;;  address         1    9[COMMON] unsigned char 
   904 ;; Return value:  Size  Location     Type
   905 ;;                  1    wreg      void 
   906 ;; Registers used:
   907 ;;		wreg, status,2, status,0, pclath, cstack
   908 ;; Tracked objects:
   909 ;;		On entry : 0/0
   910 ;;		On exit  : 0/0
   911 ;;		Unchanged: 0/0
   912 ;; Data sizes:     COMMON   BANK0   BANK1   BANK3   BANK2
   913 ;;      Params:         1       0       0       0       0
   914 ;;      Locals:         2       0       0       0       0
   915 ;;      Temps:          1       0       0       0       0
   916 ;;      Totals:         4       0       0       0       0
   917 ;;Total ram usage:        4 bytes
   918 ;; Hardware stack levels used: 1
   919 ;; Hardware stack levels required when called: 2
   920 ;; This function calls:
   921 ;;		_lcd_busy
   922 ;;		_lcd_put_byte
   923 ;; This function is called by:
   924 ;;		_lcd_putc
   925 ;; This function uses a non-reentrant model
   926 ;;
   927                           
   928                           
   929                           ;psect for function _lcd_gotoxy
   930  062A                     _lcd_gotoxy:
   931                           
   932                           ;incstack = 0
   933                           ; Regs used in _lcd_gotoxy: [wreg+status,2+status,0+pclath+cstack]
   934                           ;lcd_gotoxy@col stored from wreg
   935  062A  00F8               	movwf	lcd_gotoxy@col
   936  062B                     l1060:
   937                           
   938                           ;lcd.c: 167: void lcd_gotoxy(unsigned char col, unsigned char row);lcd.c: 168: {;lcd.c: 
      +                          170:  unsigned char address;;lcd.c: 173:  if(row!=0)
   939  062B  0876               	movf	lcd_gotoxy@row,w
   940  062C  1903               	btfsc	3,2
   941  062D  2E2F               	goto	u441
   942  062E  2E30               	goto	u440
   943  062F                     u441:
   944  062F  2E35               	goto	l1064
   945  0630                     u440:
   946  0630                     l1062:
   947                           
   948                           ;lcd.c: 174:   address=0x40;
   949  0630  3040               	movlw	64
   950  0631  00F7               	movwf	??_lcd_gotoxy
   951  0632  0877               	movf	??_lcd_gotoxy,w
   952  0633  00F9               	movwf	lcd_gotoxy@address
   953  0634  2E36               	goto	l1066
   954  0635                     l1064:
   955                           
   956                           ;lcd.c: 176:   address=0;
   957  0635  01F9               	clrf	lcd_gotoxy@address
   958  0636                     l1066:
   959                           
   960                           ;lcd.c: 178:  address += col;
   961  0636  0878               	movf	lcd_gotoxy@col,w
   962  0637  00F7               	movwf	??_lcd_gotoxy
   963  0638  0877               	movf	??_lcd_gotoxy,w
   964  0639  07F9               	addwf	lcd_gotoxy@address,f
   965  063A                     l1068:
   966                           
   967                           ;lcd.c: 180:  lcd_put_byte(0,0x80|address);
   968  063A  0879               	movf	lcd_gotoxy@address,w
   969  063B  3880               	iorlw	128
   970  063C  00F7               	movwf	??_lcd_gotoxy
   971  063D  0877               	movf	??_lcd_gotoxy,w
   972  063E  00F3               	movwf	lcd_put_byte@b
   973  063F  3000               	movlw	0
   974  0640  120A  118A  2680  120A  118A  	fcall	_lcd_put_byte
   975  0645                     l1070:	
   976                           ;lcd.c: 181:  while(lcd_busy());
   977                           
   978  0645  120A  118A  2650  120A  118A  	fcall	_lcd_busy
   979  064A  3A00               	xorlw	0
   980  064B  1D03               	skipz
   981  064C  2E4E               	goto	u451
   982  064D  2E4F               	goto	u450
   983  064E                     u451:
   984  064E  2E45               	goto	l1070
   985  064F                     u450:
   986  064F                     l93:
   987  064F  0008               	return
   988  0650                     __end_of_lcd_gotoxy:
   989                           
   990                           	psect	text5
   991  0759                     __ptext5:	
   992 ;; *************** function _lcd_init *****************
   993 ;; Defined at:
   994 ;;		line 241 in file "lcd.c"
   995 ;; Parameters:    Size  Location     Type
   996 ;;		None
   997 ;; Auto vars:     Size  Location     Type
   998 ;;  i               1    0        unsigned char 
   999 ;; Return value:  Size  Location     Type
  1000 ;;                  1    wreg      void 
  1001 ;; Registers used:
  1002 ;;		wreg, status,2, status,0, pclath, cstack
  1003 ;; Tracked objects:
  1004 ;;		On entry : 0/0
  1005 ;;		On exit  : 0/0
  1006 ;;		Unchanged: 0/0
  1007 ;; Data sizes:     COMMON   BANK0   BANK1   BANK3   BANK2
  1008 ;;      Params:         0       0       0       0       0
  1009 ;;      Locals:         0       0       0       0       0
  1010 ;;      Temps:          2       0       0       0       0
  1011 ;;      Totals:         2       0       0       0       0
  1012 ;;Total ram usage:        2 bytes
  1013 ;; Hardware stack levels used: 1
  1014 ;; Hardware stack levels required when called: 2
  1015 ;; This function calls:
  1016 ;;		_lcd_busy
  1017 ;;		_lcd_put_byte
  1018 ;;		_lcd_put_nibble
  1019 ;; This function is called by:
  1020 ;;		_main
  1021 ;; This function uses a non-reentrant model
  1022 ;;
  1023                           
  1024                           
  1025                           ;psect for function _lcd_init
  1026  0759                     _lcd_init:
  1027  0759                     l1094:	
  1028                           ;incstack = 0
  1029                           ; Regs used in _lcd_init: [wreg+status,2+status,0+pclath+cstack]
  1030                           
  1031                           
  1032                           ;lcd.c: 244: unsigned char i;;lcd.c: 247:  TRISD3 = 0;
  1033  0759  1683               	bsf	3,5	;RP0=1, select bank1
  1034  075A  1303               	bcf	3,6	;RP1=0, select bank1
  1035  075B  1188               	bcf	8,3	;volatile
  1036                           
  1037                           ;lcd.c: 248:  TRISD1 = 0;
  1038  075C  1088               	bcf	8,1	;volatile
  1039                           
  1040                           ;lcd.c: 249:  TRISD2 = 0;
  1041  075D  1108               	bcf	8,2	;volatile
  1042                           
  1043                           ;lcd.c: 250:  TRISD4 = 0;
  1044  075E  1208               	bcf	8,4	;volatile
  1045                           
  1046                           ;lcd.c: 251:  TRISD5 = 0;
  1047  075F  1288               	bcf	8,5	;volatile
  1048                           
  1049                           ;lcd.c: 252:  TRISD6 = 0;
  1050  0760  1308               	bcf	8,6	;volatile
  1051                           
  1052                           ;lcd.c: 253:  TRISD7 = 0;
  1053  0761  1388               	bcf	8,7	;volatile
  1054  0762                     l1096:
  1055                           
  1056                           ;lcd.c: 255:  _delay((unsigned long)((15)*(4000000/4000.0)));
  1057  0762  3014               	movlw	20
  1058  0763  00F7               	movwf	??_lcd_init+1
  1059  0764  3079               	movlw	121
  1060  0765  00F6               	movwf	??_lcd_init
  1061  0766                     u587:
  1062  0766  0BF6               	decfsz	??_lcd_init,f
  1063  0767  2F66               	goto	u587
  1064  0768  0BF7               	decfsz	??_lcd_init+1,f
  1065  0769  2F66               	goto	u587
  1066  076A  2F6B               	nop2
  1067  076B                     l1098:
  1068                           
  1069                           ;lcd.c: 257:  RD1 = 0;
  1070  076B  1283               	bcf	3,5	;RP0=0, select bank0
  1071  076C  1303               	bcf	3,6	;RP1=0, select bank0
  1072  076D  1088               	bcf	8,1	;volatile
  1073  076E                     l1100:
  1074                           
  1075                           ;lcd.c: 258:  RD2 = 0;
  1076  076E  1108               	bcf	8,2	;volatile
  1077  076F                     l1102:
  1078                           
  1079                           ;lcd.c: 259:  RD3 = 0;
  1080  076F  1188               	bcf	8,3	;volatile
  1081  0770                     l1104:
  1082                           
  1083                           ;lcd.c: 261:  lcd_put_nibble(3);
  1084  0770  3003               	movlw	3
  1085  0771  120A  118A  26B9  120A  118A  	fcall	_lcd_put_nibble
  1086  0776                     l1106:
  1087                           
  1088                           ;lcd.c: 262:  _delay((unsigned long)((10)*(4000000/4000.0)));
  1089  0776  300D               	movlw	13
  1090  0777  00F7               	movwf	??_lcd_init+1
  1091  0778  30FB               	movlw	251
  1092  0779  00F6               	movwf	??_lcd_init
  1093  077A                     u597:
  1094  077A  0BF6               	decfsz	??_lcd_init,f
  1095  077B  2F7A               	goto	u597
  1096  077C  0BF7               	decfsz	??_lcd_init+1,f
  1097  077D  2F7A               	goto	u597
  1098  077E  2F7F               	nop2
  1099                           
  1100                           ;lcd.c: 263:  lcd_put_nibble(3);
  1101  077F  3003               	movlw	3
  1102  0780  120A  118A  26B9  120A  118A  	fcall	_lcd_put_nibble
  1103  0785                     l1108:
  1104                           
  1105                           ;lcd.c: 264:  _delay((unsigned long)((10)*(4000000/4000.0)));
  1106  0785  300D               	movlw	13
  1107  0786  00F7               	movwf	??_lcd_init+1
  1108  0787  30FB               	movlw	251
  1109  0788  00F6               	movwf	??_lcd_init
  1110  0789                     u607:
  1111  0789  0BF6               	decfsz	??_lcd_init,f
  1112  078A  2F89               	goto	u607
  1113  078B  0BF7               	decfsz	??_lcd_init+1,f
  1114  078C  2F89               	goto	u607
  1115  078D  2F8E               	nop2
  1116  078E                     l1110:
  1117                           
  1118                           ;lcd.c: 265:  lcd_put_nibble(3);
  1119  078E  3003               	movlw	3
  1120  078F  120A  118A  26B9  120A  118A  	fcall	_lcd_put_nibble
  1121                           
  1122                           ;lcd.c: 266:  _delay((unsigned long)((10)*(4000000/4000.0)));
  1123  0794  300D               	movlw	13
  1124  0795  00F7               	movwf	??_lcd_init+1
  1125  0796  30FB               	movlw	251
  1126  0797  00F6               	movwf	??_lcd_init
  1127  0798                     u617:
  1128  0798  0BF6               	decfsz	??_lcd_init,f
  1129  0799  2F98               	goto	u617
  1130  079A  0BF7               	decfsz	??_lcd_init+1,f
  1131  079B  2F98               	goto	u617
  1132  079C  2F9D               	nop2
  1133  079D                     l1112:
  1134                           
  1135                           ;lcd.c: 268:  lcd_put_nibble(2);
  1136  079D  3002               	movlw	2
  1137  079E  120A  118A  26B9  120A  118A  	fcall	_lcd_put_nibble
  1138  07A3                     l1114:	
  1139                           ;lcd.c: 269:  while(lcd_busy());
  1140                           
  1141  07A3  120A  118A  2650  120A  118A  	fcall	_lcd_busy
  1142  07A8  3A00               	xorlw	0
  1143  07A9  1D03               	skipz
  1144  07AA  2FAC               	goto	u491
  1145  07AB  2FAD               	goto	u490
  1146  07AC                     u491:
  1147  07AC  2FA3               	goto	l1114
  1148  07AD                     u490:
  1149  07AD                     l1116:
  1150                           
  1151                           ;lcd.c: 271:  lcd_put_byte(0,0b00101100 & 0b00111000);
  1152  07AD  3028               	movlw	40
  1153  07AE  00F6               	movwf	??_lcd_init
  1154  07AF  0876               	movf	??_lcd_init,w
  1155  07B0  00F3               	movwf	lcd_put_byte@b
  1156  07B1  3000               	movlw	0
  1157  07B2  120A  118A  2680  120A  118A  	fcall	_lcd_put_byte
  1158  07B7                     l1118:	
  1159                           ;lcd.c: 272:  while(lcd_busy());
  1160                           
  1161  07B7  120A  118A  2650  120A  118A  	fcall	_lcd_busy
  1162  07BC  3A00               	xorlw	0
  1163  07BD  1D03               	skipz
  1164  07BE  2FC0               	goto	u501
  1165  07BF  2FC1               	goto	u500
  1166  07C0                     u501:
  1167  07C0  2FB7               	goto	l1118
  1168  07C1                     u500:
  1169  07C1                     l1120:
  1170                           
  1171                           ;lcd.c: 274:  lcd_put_byte(0,0b00001111 & 0b00001101 & 0b00001110);
  1172  07C1  300C               	movlw	12
  1173  07C2  00F6               	movwf	??_lcd_init
  1174  07C3  0876               	movf	??_lcd_init,w
  1175  07C4  00F3               	movwf	lcd_put_byte@b
  1176  07C5  3000               	movlw	0
  1177  07C6  120A  118A  2680  120A  118A  	fcall	_lcd_put_byte
  1178  07CB                     l1122:	
  1179                           ;lcd.c: 275:  while(lcd_busy());
  1180                           
  1181  07CB  120A  118A  2650  120A  118A  	fcall	_lcd_busy
  1182  07D0  3A00               	xorlw	0
  1183  07D1  1D03               	skipz
  1184  07D2  2FD4               	goto	u511
  1185  07D3  2FD5               	goto	u510
  1186  07D4                     u511:
  1187  07D4  2FCB               	goto	l1122
  1188  07D5                     u510:
  1189  07D5                     l1124:
  1190                           
  1191                           ;lcd.c: 277:  lcd_put_byte(0,0x01);
  1192  07D5  01F3               	clrf	lcd_put_byte@b
  1193  07D6  0AF3               	incf	lcd_put_byte@b,f
  1194  07D7  3000               	movlw	0
  1195  07D8  120A  118A  2680  120A  118A  	fcall	_lcd_put_byte
  1196  07DD                     l1126:	
  1197                           ;lcd.c: 278:  while(lcd_busy());
  1198                           
  1199  07DD  120A  118A  2650  120A  118A  	fcall	_lcd_busy
  1200  07E2  3A00               	xorlw	0
  1201  07E3  1D03               	skipz
  1202  07E4  2FE6               	goto	u521
  1203  07E5  2FE7               	goto	u520
  1204  07E6                     u521:
  1205  07E6  2FDD               	goto	l1126
  1206  07E7                     u520:
  1207  07E7                     l1128:
  1208                           
  1209                           ;lcd.c: 280:  lcd_put_byte(0,0b00000110);
  1210  07E7  3006               	movlw	6
  1211  07E8  00F6               	movwf	??_lcd_init
  1212  07E9  0876               	movf	??_lcd_init,w
  1213  07EA  00F3               	movwf	lcd_put_byte@b
  1214  07EB  3000               	movlw	0
  1215  07EC  120A  118A  2680  120A  118A  	fcall	_lcd_put_byte
  1216  07F1                     l1130:	
  1217                           ;lcd.c: 281:  while(lcd_busy());
  1218                           
  1219  07F1  120A  118A  2650  120A  118A  	fcall	_lcd_busy
  1220  07F6  3A00               	xorlw	0
  1221  07F7  1D03               	skipz
  1222  07F8  2FFA               	goto	u531
  1223  07F9  2FFB               	goto	u530
  1224  07FA                     u531:
  1225  07FA  2FF1               	goto	l1130
  1226  07FB                     u530:
  1227  07FB                     l135:
  1228  07FB  0008               	return
  1229  07FC                     __end_of_lcd_init:
  1230                           
  1231                           	psect	text6
  1232  0680                     __ptext6:	
  1233 ;; *************** function _lcd_put_byte *****************
  1234 ;; Defined at:
  1235 ;;		line 134 in file "lcd.c"
  1236 ;; Parameters:    Size  Location     Type
  1237 ;;  rs              1    wreg     unsigned char 
  1238 ;;  b               1    3[COMMON] unsigned char 
  1239 ;; Auto vars:     Size  Location     Type
  1240 ;;  rs              1    5[COMMON] unsigned char 
  1241 ;; Return value:  Size  Location     Type
  1242 ;;                  1    wreg      void 
  1243 ;; Registers used:
  1244 ;;		wreg, status,2, status,0, pclath, cstack
  1245 ;; Tracked objects:
  1246 ;;		On entry : 0/0
  1247 ;;		On exit  : 0/0
  1248 ;;		Unchanged: 0/0
  1249 ;; Data sizes:     COMMON   BANK0   BANK1   BANK3   BANK2
  1250 ;;      Params:         1       0       0       0       0
  1251 ;;      Locals:         1       0       0       0       0
  1252 ;;      Temps:          1       0       0       0       0
  1253 ;;      Totals:         3       0       0       0       0
  1254 ;;Total ram usage:        3 bytes
  1255 ;; Hardware stack levels used: 1
  1256 ;; Hardware stack levels required when called: 1
  1257 ;; This function calls:
  1258 ;;		_lcd_put_nibble
  1259 ;; This function is called by:
  1260 ;;		_lcd_gotoxy
  1261 ;;		_lcd_putc
  1262 ;;		_lcd_init
  1263 ;;		_lcd_ShiftLeft
  1264 ;;		_lcd_ShiftRight
  1265 ;; This function uses a non-reentrant model
  1266 ;;
  1267                           
  1268                           
  1269                           ;psect for function _lcd_put_byte
  1270  0680                     _lcd_put_byte:
  1271                           
  1272                           ;incstack = 0
  1273                           ; Regs used in _lcd_put_byte: [wreg+status,2+status,0+pclath+cstack]
  1274                           ;lcd_put_byte@rs stored from wreg
  1275  0680  00F5               	movwf	lcd_put_byte@rs
  1276  0681                     l1044:
  1277                           
  1278                           ;lcd.c: 134: void lcd_put_byte(unsigned char rs, unsigned char b);lcd.c: 135: {;lcd.c: 1
      +                          39:  TRISD4 = 0;
  1279  0681  1683               	bsf	3,5	;RP0=1, select bank1
  1280  0682  1303               	bcf	3,6	;RP1=0, select bank1
  1281  0683  1208               	bcf	8,4	;volatile
  1282                           
  1283                           ;lcd.c: 140:  TRISD5 = 0;
  1284  0684  1288               	bcf	8,5	;volatile
  1285                           
  1286                           ;lcd.c: 141:  TRISD6 = 0;
  1287  0685  1308               	bcf	8,6	;volatile
  1288                           
  1289                           ;lcd.c: 142:  TRISD7 = 0;
  1290  0686  1388               	bcf	8,7	;volatile
  1291  0687                     l1046:
  1292                           
  1293                           ;lcd.c: 144:  if(rs)
  1294  0687  0875               	movf	lcd_put_byte@rs,w
  1295  0688  1903               	btfsc	3,2
  1296  0689  2E8B               	goto	u421
  1297  068A  2E8C               	goto	u420
  1298  068B                     u421:
  1299  068B  2E90               	goto	l83
  1300  068C                     u420:
  1301  068C                     l1048:
  1302                           
  1303                           ;lcd.c: 145:   RD1 = 1;
  1304  068C  1283               	bcf	3,5	;RP0=0, select bank0
  1305  068D  1303               	bcf	3,6	;RP1=0, select bank0
  1306  068E  1488               	bsf	8,1	;volatile
  1307  068F  2E93               	goto	l1050
  1308  0690                     l83:	
  1309                           ;lcd.c: 146:  else
  1310                           
  1311                           
  1312                           ;lcd.c: 147:   RD1 = 0;
  1313  0690  1283               	bcf	3,5	;RP0=0, select bank0
  1314  0691  1303               	bcf	3,6	;RP1=0, select bank0
  1315  0692  1088               	bcf	8,1	;volatile
  1316  0693                     l1050:
  1317                           
  1318                           ;lcd.c: 148:  _delay((unsigned long)((20)*(4000000/4000000.0)));
  1319  0693  3006               	movlw	6
  1320  0694  00F4               	movwf	??_lcd_put_byte
  1321  0695                     u627:
  1322  0695  0BF4               	decfsz	??_lcd_put_byte,f
  1323  0696  2E95               	goto	u627
  1324  0697  0000               	nop
  1325  0698                     l1052:
  1326                           
  1327                           ;lcd.c: 150:  RD2 = 0;
  1328  0698  1283               	bcf	3,5	;RP0=0, select bank0
  1329  0699  1303               	bcf	3,6	;RP1=0, select bank0
  1330  069A  1108               	bcf	8,2	;volatile
  1331                           
  1332                           ;lcd.c: 151:  _delay((unsigned long)((20)*(4000000/4000000.0)));
  1333  069B  3006               	movlw	6
  1334  069C  00F4               	movwf	??_lcd_put_byte
  1335  069D                     u637:
  1336  069D  0BF4               	decfsz	??_lcd_put_byte,f
  1337  069E  2E9D               	goto	u637
  1338  069F  0000               	nop
  1339  06A0                     l1054:
  1340                           
  1341                           ;lcd.c: 153:  RD3 = 0;
  1342  06A0  1283               	bcf	3,5	;RP0=0, select bank0
  1343  06A1  1303               	bcf	3,6	;RP1=0, select bank0
  1344  06A2  1188               	bcf	8,3	;volatile
  1345  06A3                     l1056:
  1346                           
  1347                           ;lcd.c: 155:  lcd_put_nibble(b >> 4);
  1348  06A3  0873               	movf	lcd_put_byte@b,w
  1349  06A4  00F4               	movwf	??_lcd_put_byte
  1350  06A5  3004               	movlw	4
  1351  06A6                     u435:
  1352  06A6  1003               	clrc
  1353  06A7  0CF4               	rrf	??_lcd_put_byte,f
  1354  06A8  3EFF               	addlw	-1
  1355  06A9  1D03               	skipz
  1356  06AA  2EA6               	goto	u435
  1357  06AB  0874               	movf	??_lcd_put_byte,w
  1358  06AC  120A  118A  26B9  120A  118A  	fcall	_lcd_put_nibble
  1359  06B1                     l1058:
  1360                           
  1361                           ;lcd.c: 157:  lcd_put_nibble(b & 0xf);
  1362  06B1  0873               	movf	lcd_put_byte@b,w
  1363  06B2  390F               	andlw	15
  1364  06B3  120A  118A  26B9  120A  118A  	fcall	_lcd_put_nibble
  1365  06B8                     l85:
  1366  06B8  0008               	return
  1367  06B9                     __end_of_lcd_put_byte:
  1368                           
  1369                           	psect	text7
  1370  06B9                     __ptext7:	
  1371 ;; *************** function _lcd_put_nibble *****************
  1372 ;; Defined at:
  1373 ;;		line 103 in file "lcd.c"
  1374 ;; Parameters:    Size  Location     Type
  1375 ;;  b               1    wreg     unsigned char 
  1376 ;; Auto vars:     Size  Location     Type
  1377 ;;  b               1    1[COMMON] unsigned char 
  1378 ;;  temp            1    2[COMMON] struct _BYTE_VAL
  1379 ;; Return value:  Size  Location     Type
  1380 ;;                  1    wreg      void 
  1381 ;; Registers used:
  1382 ;;		wreg
  1383 ;; Tracked objects:
  1384 ;;		On entry : 0/0
  1385 ;;		On exit  : 0/0
  1386 ;;		Unchanged: 0/0
  1387 ;; Data sizes:     COMMON   BANK0   BANK1   BANK3   BANK2
  1388 ;;      Params:         0       0       0       0       0
  1389 ;;      Locals:         2       0       0       0       0
  1390 ;;      Temps:          1       0       0       0       0
  1391 ;;      Totals:         3       0       0       0       0
  1392 ;;Total ram usage:        3 bytes
  1393 ;; Hardware stack levels used: 1
  1394 ;; This function calls:
  1395 ;;		Nothing
  1396 ;; This function is called by:
  1397 ;;		_lcd_put_byte
  1398 ;;		_lcd_init
  1399 ;; This function uses a non-reentrant model
  1400 ;;
  1401                           
  1402                           
  1403                           ;psect for function _lcd_put_nibble
  1404  06B9                     _lcd_put_nibble:
  1405                           
  1406                           ;incstack = 0
  1407                           ; Regs used in _lcd_put_nibble: [wreg]
  1408                           ;lcd_put_nibble@b stored from wreg
  1409  06B9  00F1               	movwf	lcd_put_nibble@b
  1410  06BA                     l1006:
  1411                           
  1412                           ;lcd.c: 103: void lcd_put_nibble(unsigned char b);lcd.c: 104: {;lcd.c: 106:  BYTE_VAL te
      +                          mp;;lcd.c: 109:  TRISD4 = 0;
  1413  06BA  1683               	bsf	3,5	;RP0=1, select bank1
  1414  06BB  1303               	bcf	3,6	;RP1=0, select bank1
  1415  06BC  1208               	bcf	8,4	;volatile
  1416                           
  1417                           ;lcd.c: 110:  TRISD5 = 0;
  1418  06BD  1288               	bcf	8,5	;volatile
  1419                           
  1420                           ;lcd.c: 111:  TRISD6 = 0;
  1421  06BE  1308               	bcf	8,6	;volatile
  1422                           
  1423                           ;lcd.c: 112:  TRISD7 = 0;
  1424  06BF  1388               	bcf	8,7	;volatile
  1425  06C0                     l1008:
  1426                           
  1427                           ;lcd.c: 114:  temp.Val = b;
  1428  06C0  0871               	movf	lcd_put_nibble@b,w
  1429  06C1  00F0               	movwf	??_lcd_put_nibble
  1430  06C2  0870               	movf	??_lcd_put_nibble,w
  1431  06C3  00F2               	movwf	lcd_put_nibble@temp
  1432  06C4                     l1010:
  1433                           
  1434                           ;lcd.c: 116:  RD4 = temp.bits.b0;
  1435  06C4  1872               	btfsc	lcd_put_nibble@temp,0
  1436  06C5  2EC7               	goto	u341
  1437  06C6  2ECB               	goto	u340
  1438  06C7                     u341:
  1439  06C7  1283               	bcf	3,5	;RP0=0, select bank0
  1440  06C8  1303               	bcf	3,6	;RP1=0, select bank0
  1441  06C9  1608               	bsf	8,4	;volatile
  1442  06CA  2ECE               	goto	u354
  1443  06CB                     u340:
  1444  06CB  1283               	bcf	3,5	;RP0=0, select bank0
  1445  06CC  1303               	bcf	3,6	;RP1=0, select bank0
  1446  06CD  1208               	bcf	8,4	;volatile
  1447  06CE                     u354:
  1448  06CE                     l1012:
  1449                           
  1450                           ;lcd.c: 117:  RD5 = temp.bits.b1;
  1451  06CE  18F2               	btfsc	lcd_put_nibble@temp,1
  1452  06CF  2ED1               	goto	u361
  1453  06D0  2ED5               	goto	u360
  1454  06D1                     u361:
  1455  06D1  1283               	bcf	3,5	;RP0=0, select bank0
  1456  06D2  1303               	bcf	3,6	;RP1=0, select bank0
  1457  06D3  1688               	bsf	8,5	;volatile
  1458  06D4  2ED8               	goto	u374
  1459  06D5                     u360:
  1460  06D5  1283               	bcf	3,5	;RP0=0, select bank0
  1461  06D6  1303               	bcf	3,6	;RP1=0, select bank0
  1462  06D7  1288               	bcf	8,5	;volatile
  1463  06D8                     u374:
  1464  06D8                     l1014:
  1465                           
  1466                           ;lcd.c: 118:  RD6 = temp.bits.b2;
  1467  06D8  1972               	btfsc	lcd_put_nibble@temp,2
  1468  06D9  2EDB               	goto	u381
  1469  06DA  2EDF               	goto	u380
  1470  06DB                     u381:
  1471  06DB  1283               	bcf	3,5	;RP0=0, select bank0
  1472  06DC  1303               	bcf	3,6	;RP1=0, select bank0
  1473  06DD  1708               	bsf	8,6	;volatile
  1474  06DE  2EE2               	goto	u394
  1475  06DF                     u380:
  1476  06DF  1283               	bcf	3,5	;RP0=0, select bank0
  1477  06E0  1303               	bcf	3,6	;RP1=0, select bank0
  1478  06E1  1308               	bcf	8,6	;volatile
  1479  06E2                     u394:
  1480  06E2                     l1016:
  1481                           
  1482                           ;lcd.c: 119:  RD7 = temp.bits.b3;
  1483  06E2  19F2               	btfsc	lcd_put_nibble@temp,3
  1484  06E3  2EE5               	goto	u401
  1485  06E4  2EE9               	goto	u400
  1486  06E5                     u401:
  1487  06E5  1283               	bcf	3,5	;RP0=0, select bank0
  1488  06E6  1303               	bcf	3,6	;RP1=0, select bank0
  1489  06E7  1788               	bsf	8,7	;volatile
  1490  06E8  2EEC               	goto	u414
  1491  06E9                     u400:
  1492  06E9  1283               	bcf	3,5	;RP0=0, select bank0
  1493  06EA  1303               	bcf	3,6	;RP1=0, select bank0
  1494  06EB  1388               	bcf	8,7	;volatile
  1495  06EC                     u414:
  1496                           
  1497                           ;lcd.c: 121:  _delay((unsigned long)((20)*(4000000/4000000.0)));
  1498  06EC  3006               	movlw	6
  1499  06ED  00F0               	movwf	??_lcd_put_nibble
  1500  06EE                     u647:
  1501  06EE  0BF0               	decfsz	??_lcd_put_nibble,f
  1502  06EF  2EEE               	goto	u647
  1503  06F0  0000               	nop
  1504  06F1                     l1018:
  1505                           
  1506                           ;lcd.c: 122:  RD3 = 1;
  1507  06F1  1283               	bcf	3,5	;RP0=0, select bank0
  1508  06F2  1303               	bcf	3,6	;RP1=0, select bank0
  1509  06F3  1588               	bsf	8,3	;volatile
  1510                           
  1511                           ;lcd.c: 123:  _delay((unsigned long)((20)*(4000000/4000000.0)));
  1512  06F4  3006               	movlw	6
  1513  06F5  00F0               	movwf	??_lcd_put_nibble
  1514  06F6                     u657:
  1515  06F6  0BF0               	decfsz	??_lcd_put_nibble,f
  1516  06F7  2EF6               	goto	u657
  1517  06F8  0000               	nop
  1518  06F9                     l1020:
  1519                           
  1520                           ;lcd.c: 124:  RD3 = 0;
  1521  06F9  1283               	bcf	3,5	;RP0=0, select bank0
  1522  06FA  1303               	bcf	3,6	;RP1=0, select bank0
  1523  06FB  1188               	bcf	8,3	;volatile
  1524  06FC                     l80:
  1525  06FC  0008               	return
  1526  06FD                     __end_of_lcd_put_nibble:
  1527                           
  1528                           	psect	text8
  1529  0650                     __ptext8:	
  1530 ;; *************** function _lcd_busy *****************
  1531 ;; Defined at:
  1532 ;;		line 18 in file "lcd.c"
  1533 ;; Parameters:    Size  Location     Type
  1534 ;;		None
  1535 ;; Auto vars:     Size  Location     Type
  1536 ;;  busy            1    1[COMMON] unsigned char 
  1537 ;; Return value:  Size  Location     Type
  1538 ;;                  1    wreg      unsigned char 
  1539 ;; Registers used:
  1540 ;;		wreg, status,2
  1541 ;; Tracked objects:
  1542 ;;		On entry : 0/0
  1543 ;;		On exit  : 0/0
  1544 ;;		Unchanged: 0/0
  1545 ;; Data sizes:     COMMON   BANK0   BANK1   BANK3   BANK2
  1546 ;;      Params:         0       0       0       0       0
  1547 ;;      Locals:         1       0       0       0       0
  1548 ;;      Temps:          1       0       0       0       0
  1549 ;;      Totals:         2       0       0       0       0
  1550 ;;Total ram usage:        2 bytes
  1551 ;; Hardware stack levels used: 1
  1552 ;; This function calls:
  1553 ;;		Nothing
  1554 ;; This function is called by:
  1555 ;;		_lcd_gotoxy
  1556 ;;		_lcd_putc
  1557 ;;		_lcd_init
  1558 ;; This function uses a non-reentrant model
  1559 ;;
  1560                           
  1561                           
  1562                           ;psect for function _lcd_busy
  1563  0650                     _lcd_busy:
  1564  0650                     l1022:	
  1565                           ;incstack = 0
  1566                           ; Regs used in _lcd_busy: [wreg+status,2]
  1567                           
  1568                           
  1569                           ;lcd.c: 21: unsigned char busy;;lcd.c: 24:  TRISD4 = 1;
  1570  0650  1683               	bsf	3,5	;RP0=1, select bank1
  1571  0651  1303               	bcf	3,6	;RP1=0, select bank1
  1572  0652  1608               	bsf	8,4	;volatile
  1573                           
  1574                           ;lcd.c: 25:  TRISD5 = 1;
  1575  0653  1688               	bsf	8,5	;volatile
  1576                           
  1577                           ;lcd.c: 26:  TRISD6 = 1;
  1578  0654  1708               	bsf	8,6	;volatile
  1579                           
  1580                           ;lcd.c: 27:  TRISD7 = 1;
  1581  0655  1788               	bsf	8,7	;volatile
  1582                           
  1583                           ;lcd.c: 29:  RD2 = 1;
  1584  0656  1283               	bcf	3,5	;RP0=0, select bank0
  1585  0657  1303               	bcf	3,6	;RP1=0, select bank0
  1586  0658  1508               	bsf	8,2	;volatile
  1587                           
  1588                           ;lcd.c: 30:  RD1 = 0;
  1589  0659  1088               	bcf	8,1	;volatile
  1590  065A                     l1024:
  1591                           
  1592                           ;lcd.c: 31:  _delay((unsigned long)((20)*(4000000/4000000.0)));
  1593  065A  3006               	movlw	6
  1594  065B  00F0               	movwf	??_lcd_busy
  1595  065C                     u667:
  1596  065C  0BF0               	decfsz	??_lcd_busy,f
  1597  065D  2E5C               	goto	u667
  1598  065E  0000               	nop
  1599  065F                     l1026:
  1600                           
  1601                           ;lcd.c: 32:  RD3 = 1;
  1602  065F  1283               	bcf	3,5	;RP0=0, select bank0
  1603  0660  1303               	bcf	3,6	;RP1=0, select bank0
  1604  0661  1588               	bsf	8,3	;volatile
  1605                           
  1606                           ;lcd.c: 33:  _delay((unsigned long)((20)*(4000000/4000000.0)));
  1607  0662  3006               	movlw	6
  1608  0663  00F0               	movwf	??_lcd_busy
  1609  0664                     u677:
  1610  0664  0BF0               	decfsz	??_lcd_busy,f
  1611  0665  2E64               	goto	u677
  1612  0666  0000               	nop
  1613  0667                     l1028:
  1614                           
  1615                           ;lcd.c: 35:  busy = RD7;
  1616  0667  3000               	movlw	0
  1617  0668  1283               	bcf	3,5	;RP0=0, select bank0
  1618  0669  1303               	bcf	3,6	;RP1=0, select bank0
  1619  066A  1B88               	btfsc	8,7	;volatile
  1620  066B  3001               	movlw	1
  1621  066C  00F1               	movwf	lcd_busy@busy
  1622  066D                     l1030:
  1623                           
  1624                           ;lcd.c: 37:  RD3 = 0;
  1625  066D  1188               	bcf	8,3	;volatile
  1626  066E                     l1032:
  1627                           
  1628                           ;lcd.c: 38:  _delay((unsigned long)((20)*(4000000/4000000.0)));
  1629  066E  3006               	movlw	6
  1630  066F  00F0               	movwf	??_lcd_busy
  1631  0670                     u687:
  1632  0670  0BF0               	decfsz	??_lcd_busy,f
  1633  0671  2E70               	goto	u687
  1634  0672  0000               	nop
  1635  0673                     l1034:
  1636                           
  1637                           ;lcd.c: 39:  RD3 = 1;
  1638  0673  1283               	bcf	3,5	;RP0=0, select bank0
  1639  0674  1303               	bcf	3,6	;RP1=0, select bank0
  1640  0675  1588               	bsf	8,3	;volatile
  1641  0676                     l1036:
  1642                           
  1643                           ;lcd.c: 40:  _delay((unsigned long)((20)*(4000000/4000000.0)));
  1644  0676  3006               	movlw	6
  1645  0677  00F0               	movwf	??_lcd_busy
  1646  0678                     u697:
  1647  0678  0BF0               	decfsz	??_lcd_busy,f
  1648  0679  2E78               	goto	u697
  1649  067A  0000               	nop
  1650  067B                     l1038:
  1651                           
  1652                           ;lcd.c: 41:  RD3 = 0;
  1653  067B  1283               	bcf	3,5	;RP0=0, select bank0
  1654  067C  1303               	bcf	3,6	;RP1=0, select bank0
  1655  067D  1188               	bcf	8,3	;volatile
  1656  067E                     l1040:
  1657                           
  1658                           ;lcd.c: 43:  return busy;
  1659  067E  0871               	movf	lcd_busy@busy,w
  1660  067F                     l72:
  1661  067F  0008               	return
  1662  0680                     __end_of_lcd_busy:
  1663  007E                     btemp	set	126	;btemp
  1664  007E                     wtemp0	set	126
  1665                           
  1666                           	psect	config
  1667                           
  1668                           ;Config register CONFIG1 @ 0x2007
  1669                           ;	Oscillator Selection bits
  1670                           ;	FOSC = HS, HS oscillator: High-speed crystal/resonator on RA6/OSC2/CLKOUT and RA7/OSC1
      +                          /CLKIN
  1671                           ;	Watchdog Timer Enable bit
  1672                           ;	WDTE = OFF, WDT disabled and can be enabled by SWDTEN bit of the WDTCON register
  1673                           ;	Power-up Timer Enable bit
  1674                           ;	PWRTE = OFF, PWRT disabled
  1675                           ;	RE3/MCLR pin function select bit
  1676                           ;	MCLRE = ON, RE3/MCLR pin function is MCLR
  1677                           ;	Code Protection bit
  1678                           ;	CP = OFF, Program memory code protection is disabled
  1679                           ;	Data Code Protection bit
  1680                           ;	CPD = OFF, Data memory code protection is disabled
  1681                           ;	Brown Out Reset Selection bits
  1682                           ;	BOREN = OFF, BOR disabled
  1683                           ;	Internal External Switchover bit
  1684                           ;	IESO = OFF, Internal/External Switchover mode is disabled
  1685                           ;	Fail-Safe Clock Monitor Enabled bit
  1686                           ;	FCMEN = OFF, Fail-Safe Clock Monitor is disabled
  1687                           ;	Low Voltage Programming Enable bit
  1688                           ;	LVP = OFF, RB3 pin has digital I/O, HV on MCLR must be used for programming
  1689                           ;	In-Circuit Debugger Mode bit
  1690                           ;	DEBUG = 0x1, unprogrammed default
  1691  2007                     	org	8199
  1692  2007  20F2               	dw	8434
  1693                           
  1694                           ;Config register CONFIG2 @ 0x2008
  1695                           ;	Brown-out Reset Selection bit
  1696                           ;	BOR4V = BOR40V, Brown-out Reset set to 4.0V
  1697                           ;	Flash Program Memory Self Write Enable bits
  1698                           ;	WRT = OFF, Write protection off
  1699  2008                     	org	8200
  1700  2008  3FFF               	dw	16383

Data Sizes:
    Strings     28
    Constant    0
    Data        0
    BSS         0
    Persistent  0
    Stack       0

Auto Spaces:
    Space          Size  Autos    Used
    COMMON           14     14      14
    BANK0            80      1       1
    BANK1            80      0       0
    BANK3            96      0       0
    BANK2            96      0       0

Pointer List with Targets:

    lcd_puts@s	PTR const unsigned char  size(1) Largest target is 28
		 -> STR_1(CODE[28]), 


Critical Paths under _main in COMMON

    _main->_lcd_puts
    _lcd_puts->_lcd_putc
    _lcd_putc->_lcd_gotoxy
    _lcd_gotoxy->_lcd_put_byte
    _lcd_init->_lcd_put_byte
    _lcd_put_byte->_lcd_put_nibble

Critical Paths under _main in BANK0

    _main->_lcd_puts

Critical Paths under _main in BANK1

    None.

Critical Paths under _main in BANK3

    None.

Critical Paths under _main in BANK2

    None.

Call Graph Tables:

 ---------------------------------------------------------------------------------
 (Depth) Function   	        Calls       Base Space   Used Autos Params    Refs
 ---------------------------------------------------------------------------------
 (0) _main                                                 0     0      0    5367
                           _lcd_init
                           _lcd_putc
                           _lcd_puts
                          _setup_ccp
 ---------------------------------------------------------------------------------
 (1) _setup_ccp                                            0     0      0       0
 ---------------------------------------------------------------------------------
 (1) _lcd_puts                                             2     2      0    2187
                                             13 COMMON     1     1      0
                                              0 BANK0      1     1      0
                           _lcd_putc
 ---------------------------------------------------------------------------------
 (2) _lcd_putc                                             3     3      0    2109
                                             10 COMMON     3     3      0
                           _lcd_busy
                         _lcd_gotoxy
                       _lcd_put_byte
 ---------------------------------------------------------------------------------
 (3) _lcd_gotoxy                                           4     3      1    1105
                                              6 COMMON     4     3      1
                           _lcd_busy
                       _lcd_put_byte
 ---------------------------------------------------------------------------------
 (1) _lcd_init                                             3     3      0    1071
                                              6 COMMON     2     2      0
                           _lcd_busy
                       _lcd_put_byte
                     _lcd_put_nibble
 ---------------------------------------------------------------------------------
 (3) _lcd_put_byte                                         3     2      1     937
                                              3 COMMON     3     2      1
                     _lcd_put_nibble
 ---------------------------------------------------------------------------------
 (4) _lcd_put_nibble                                       3     3      0     111
                                              0 COMMON     3     3      0
 ---------------------------------------------------------------------------------
 (4) _lcd_busy                                             2     2      0      23
                                              0 COMMON     2     2      0
 ---------------------------------------------------------------------------------
 Estimated maximum stack depth 4
 ---------------------------------------------------------------------------------

 Call Graph Graphs:

 _main (ROOT)
   _lcd_init
     _lcd_busy
     _lcd_put_byte
       _lcd_put_nibble
     _lcd_put_nibble
   _lcd_putc
     _lcd_busy
     _lcd_gotoxy
       _lcd_busy
       _lcd_put_byte
     _lcd_put_byte
   _lcd_puts
     _lcd_putc
   _setup_ccp

 Address spaces:
Name               Size   Autos  Total    Cost      Usage
BITCOMMON            E      0       0       0        0.0%
EEDATA             100      0       0       0        0.0%
NULL                 0      0       0       0        0.0%
CODE                 0      0       0       0        0.0%
COMMON               E      E       E       1      100.0%
BITSFR0              0      0       0       1        0.0%
SFR0                 0      0       0       1        0.0%
BITSFR1              0      0       0       2        0.0%
SFR1                 0      0       0       2        0.0%
STACK                0      0       0       2        0.0%
ABS                  0      0       0       3        0.0%
BITBANK0            50      0       0       4        0.0%
BITSFR3              0      0       0       4        0.0%
SFR3                 0      0       0       4        0.0%
BANK0               50      1       1       5        1.2%
BITSFR2              0      0       0       5        0.0%
SFR2                 0      0       0       5        0.0%
BITBANK1            50      0       0       6        0.0%
BANK1               50      0       0       7        0.0%
BITBANK3            60      0       0       8        0.0%
BANK3               60      0       0       9        0.0%
BITBANK2            60      0       0      10        0.0%
BANK2               60      0       0      11        0.0%
DATA                 0      0       0      12        0.0%


Microchip Technology PIC Macro Assembler V2.32 build 20210201212658 
Symbol Table                                                                                   Thu Apr 22 22:53:10 2021

                      pc 0002                       l31 0606                       l36 05E3  
                     l37 05E3                       l72 067F                       l80 06FC  
                     l83 0690                       l85 06B8                       l93 064F  
 __end_of_lcd_put_nibble 06FD                       fsr 0004            ?_lcd_put_byte 0073  
                    l111 0758                      l117 0629                      l135 07FB  
                    l850 05F5                      l842 05E7                      l860 05FF  
                    l852 05F7                      l844 05EA                      l862 0600  
                    l854 05F8                      l846 05ED                      l864 0603  
                    l856 05F9                      l848 05F1                      l858 05FC  
                    _RD1 0041                      _RE0 0048                      _RD2 0042  
                    _RD3 0043                      _RD4 0044                      _RD5 0045  
                    _RD6 0046                      _RD7 0047                      u400 06E9  
                    u401 06E5                      u340 06CB                      u420 068C  
                    u500 07C1                      u341 06C7                      u421 068B  
                    u501 07C0                      u414 06EC                      u510 07D5  
                    _PR2 0092                      u511 07D4                      u360 06D5  
                    u520 07E7                      u440 0630                      u361 06D1  
                    u521 07E6                      u441 062F                      u354 06CE  
                    u530 07FB                      u450 064F                      u435 06A6  
                    u531 07FA                      u451 064E                      u380 06DF  
                    u460 0711                      u540 0629                      u381 06DB  
                    u461 0710                      u541 0628                      u374 06D8  
                    u470 072F                      u607 0789                      u471 072E  
                    u480 0744                      u617 0798                      u481 0743  
                    u394 06E2                      u490 07AD                      u627 0695  
                    u491 07AC                      u637 069D                      u647 06EE  
                    u657 06F6                      u667 065C                      u587 0766  
                    u677 0664                      u597 077A                      u687 0670  
                    u697 0678                      fsr0 0004                     l1010 06C4  
                   l1020 06F9                     l1012 06CE                     l1100 076E  
                   l1030 066D                     l1022 0650                     l1014 06D8  
                   l1006 06BA                     l1110 078E                     l1102 076F  
                   l1040 067E                     l1032 066E                     l1024 065A  
                   l1016 06E2                     l1008 06C0                     l1120 07C1  
                   l1112 079D                     l1104 0770                     l1200 074D  
                   l1034 0673                     l1026 065F                     l1018 06F1  
                   l1050 0693                     l1130 07F1                     l1122 07CB  
                   l1114 07A3                     l1106 0776                     l1036 0676  
                   l1028 0667                     l1052 0698                     l1044 0681  
                   l1124 07D5                     l1116 07AD                     l1108 0785  
                   l1060 062B                     l1132 060A                     l1038 067B  
                   l1054 06A0                     l1046 0687                     l1126 07DD  
                   l1118 07B7                     l1070 0645                     l1062 0630  
                   l1134 060B                     l1056 06A3                     l1048 068C  
                   l1128 07E7                     l1064 0635                     l1080 071B  
                   l1072 06FE                     l1136 0617                     l1144 05CD  
                   l1058 06B1                     l1066 0636                     l1082 0725  
                   l1074 06FF                     l1138 061D                     l1146 05D2  
                   l1068 063A                     l1084 0730                     l1076 0707  
                   l1148 05D8                     l1094 0759                     l1086 073A  
                   l1078 0712                     l1096 0762                     l1088 0745  
                   l1098 076B                     STR_1 0009                     _TMR2 0011  
                   _main 05CD             lcd_busy@busy 0071                     btemp 007E  
                   start 0000          ?_lcd_put_nibble 0070           ??_lcd_put_byte 0074  
                  _DC2B0 00EC                    _DC2B1 00ED                    ?_main 0070  
                  _T2CON 0012                    pclath 000A                    status 0003  
                  wtemp0 007E          __initialization 07FC             __end_of_main 05E7  
          lcd_gotoxy@col 0078            lcd_gotoxy@row 0076       lcd_put_nibble@temp 0072  
                 ??_main 007E                   _CCPR2L 001B                   _TMR2ON 0092  
                 _TRISC1 0439                   _TRISD1 0441                   _TRISE0 0448  
                 _TRISD2 0442                   _TRISD3 0443                   _TRISD4 0444  
                 _TRISD5 0445                   _TRISD6 0446                   _TRISD7 0447  
       __end_of_lcd_busy 0680         __end_of_lcd_init 07FC         __end_of_lcd_putc 0759  
       __end_of_lcd_puts 062A            lcd_put_byte@b 0073  __end_of__initialization 07FC  
   __end_of_lcd_put_byte 06B9           __pcstackCOMMON 0070        lcd_gotoxy@address 0079  
       ??_lcd_put_nibble 0070               __pmaintext 05CD                  _CCP2CON 001D  
     __size_of_setup_ccp 0020               _lcd_gotoxy 062A                ?_lcd_busy 0070  
              ?_lcd_init 0070                ?_lcd_putc 0070                ?_lcd_puts 0070  
             __stringtab 0003                  __ptext1 05E7                  __ptext2 0607  
                __ptext3 06FD                  __ptext4 062A                  __ptext5 0759  
                __ptext6 0680                  __ptext7 06B9                  __ptext8 0650  
  __size_of_lcd_put_byte 0039               ??_lcd_busy 0070               ??_lcd_init 0076  
             ??_lcd_putc 007A               ??_lcd_puts 007D     end_of_initialization 07FC  
         lcd_put_byte@rs 0075        __end_of_setup_ccp 0607             _lcd_put_byte 0680  
            ?_lcd_gotoxy 0076      start_initialization 07FC      __size_of_lcd_gotoxy 0026  
              ___latbits 0002            __pcstackBANK0 0020        __size_of_lcd_busy 0030  
      __size_of_lcd_init 00A3        __size_of_lcd_putc 005C        __size_of_lcd_puts 0023  
              __pstrings 0003                _setup_ccp 05E7              __stringbase 0008  
__size_of_lcd_put_nibble 0044                lcd_putc@c 007C                lcd_puts@s 0020  
           ??_lcd_gotoxy 0077       __end_of_lcd_gotoxy 0650               ?_setup_ccp 0070  
     __end_of__stringtab 0009                 _lcd_busy 0650                 _lcd_init 0759  
               _lcd_putc 06FD                 _lcd_puts 0607            __size_of_main 001A  
        lcd_put_nibble@b 0071                stringcode 0003              ??_setup_ccp 0070  
         _lcd_put_nibble 06B9                 stringdir 0003                 stringtab 0003  
